{"/home/travis/build/npmtest/node-npmtest-telegram-node-bot/test.js":{"path":"/home/travis/build/npmtest/node-npmtest-telegram-node-bot/test.js","s":{"1":2,"2":2,"3":2,"4":2,"5":2,"6":2,"7":2,"8":1,"9":2,"10":2,"11":1,"12":1,"13":1,"14":1,"15":2,"16":2,"17":2,"18":2,"19":1,"20":1,"21":2,"22":2,"23":2,"24":1,"25":1,"26":1,"27":1,"28":1,"29":1,"30":1,"31":1,"32":1,"33":1,"34":1,"35":1,"36":1,"37":1,"38":1,"39":2,"40":2,"41":1,"42":2,"43":2,"44":1,"45":2,"46":2,"47":1,"48":2,"49":2,"50":1,"51":1,"52":1,"53":1,"54":1},"b":{"1":[2,1,1,1],"2":[1,1,1,1],"3":[1,1],"4":[1,1],"5":[1,1],"6":[1,1],"7":[1,1],"8":[1,1],"9":[1,1],"10":[1,1,1],"11":[1,1],"12":[1,1],"13":[1,1],"14":[1,1],"15":[1,1],"16":[1,1],"17":[1,1]},"f":{"1":2,"2":2,"3":2,"4":2,"5":2,"6":1,"7":1,"8":1,"9":2,"10":2,"11":2,"12":2,"13":1},"fnMap":{"1":{"name":"(anonymous_1)","line":12,"loc":{"start":{"line":12,"column":1},"end":{"line":12,"column":13}}},"2":{"name":"(anonymous_2)","line":19,"loc":{"start":{"line":19,"column":5},"end":{"line":19,"column":17}}},"3":{"name":"(anonymous_3)","line":23,"loc":{"start":{"line":23,"column":24},"end":{"line":23,"column":36}}},"4":{"name":"(anonymous_4)","line":61,"loc":{"start":{"line":61,"column":5},"end":{"line":61,"column":17}}},"5":{"name":"(anonymous_5)","line":82,"loc":{"start":{"line":82,"column":5},"end":{"line":82,"column":17}}},"6":{"name":"(anonymous_6)","line":91,"loc":{"start":{"line":91,"column":77},"end":{"line":94,"column":10}}},"7":{"name":"(anonymous_7)","line":112,"loc":{"start":{"line":112,"column":83},"end":{"line":115,"column":10}},"skip":true},"8":{"name":"(anonymous_8)","line":123,"loc":{"start":{"line":123,"column":77},"end":{"line":126,"column":10}},"skip":true},"9":{"name":"(anonymous_9)","line":139,"loc":{"start":{"line":139,"column":12},"end":{"line":139,"column":40}},"skip":true},"10":{"name":"(anonymous_10)","line":147,"loc":{"start":{"line":147,"column":77},"end":{"line":150,"column":10}},"skip":true},"11":{"name":"(anonymous_11)","line":158,"loc":{"start":{"line":158,"column":83},"end":{"line":161,"column":10}},"skip":true},"12":{"name":"(anonymous_12)","line":169,"loc":{"start":{"line":169,"column":79},"end":{"line":172,"column":10}},"skip":true},"13":{"name":"(anonymous_13)","line":180,"loc":{"start":{"line":180,"column":75},"end":{"line":183,"column":10}},"skip":true}},"statementMap":{"1":{"start":{"line":12,"column":0},"end":{"line":195,"column":5}},"2":{"start":{"line":14,"column":4},"end":{"line":14,"column":14}},"3":{"start":{"line":19,"column":4},"end":{"line":56,"column":9}},"4":{"start":{"line":21,"column":8},"end":{"line":21,"column":19}},"5":{"start":{"line":23,"column":8},"end":{"line":35,"column":13}},"6":{"start":{"line":24,"column":12},"end":{"line":34,"column":13}},"7":{"start":{"line":25,"column":16},"end":{"line":28,"column":30}},"8":{"start":{"line":30,"column":16},"end":{"line":33,"column":27}},"9":{"start":{"line":37,"column":8},"end":{"line":39,"column":21}},"10":{"start":{"line":40,"column":8},"end":{"line":53,"column":9}},"11":{"start":{"line":43,"column":12},"end":{"line":46,"column":14}},"12":{"start":{"line":47,"column":12},"end":{"line":47,"column":18}},"13":{"start":{"line":50,"column":12},"end":{"line":51,"column":46}},"14":{"start":{"line":52,"column":12},"end":{"line":52,"column":18}},"15":{"start":{"line":55,"column":8},"end":{"line":55,"column":35}},"16":{"start":{"line":61,"column":4},"end":{"line":63,"column":9}},"17":{"start":{"line":62,"column":8},"end":{"line":62,"column":15}},"18":{"start":{"line":64,"column":4},"end":{"line":77,"column":5}},"19":{"start":{"line":70,"column":8},"end":{"line":70,"column":14}},"20":{"start":{"line":76,"column":8},"end":{"line":76,"column":14}},"21":{"start":{"line":82,"column":4},"end":{"line":84,"column":9}},"22":{"start":{"line":83,"column":8},"end":{"line":83,"column":15}},"23":{"start":{"line":85,"column":4},"end":{"line":194,"column":5}},"24":{"start":{"line":91,"column":8},"end":{"line":99,"column":10}},"25":{"start":{"line":98,"column":12},"end":{"line":98,"column":35}},"26":{"start":{"line":102,"column":8},"end":{"line":104,"column":63}},"27":{"start":{"line":105,"column":8},"end":{"line":105,"column":14}},"28":{"start":{"line":112,"column":8},"end":{"line":121,"column":10},"skip":true},"29":{"start":{"line":119,"column":12},"end":{"line":119,"column":55},"skip":true},"30":{"start":{"line":120,"column":12},"end":{"line":120,"column":48},"skip":true},"31":{"start":{"line":123,"column":8},"end":{"line":136,"column":10},"skip":true},"32":{"start":{"line":130,"column":12},"end":{"line":130,"column":76},"skip":true},"33":{"start":{"line":131,"column":12},"end":{"line":131,"column":73},"skip":true},"34":{"start":{"line":132,"column":12},"end":{"line":132,"column":74},"skip":true},"35":{"start":{"line":133,"column":12},"end":{"line":133,"column":79},"skip":true},"36":{"start":{"line":134,"column":12},"end":{"line":134,"column":25},"skip":true},"37":{"start":{"line":135,"column":12},"end":{"line":135,"column":45},"skip":true},"38":{"start":{"line":138,"column":8},"end":{"line":145,"column":14},"skip":true},"39":{"start":{"line":143,"column":16},"end":{"line":143,"column":29},"skip":true},"40":{"start":{"line":144,"column":16},"end":{"line":144,"column":55},"skip":true},"41":{"start":{"line":147,"column":8},"end":{"line":156,"column":10},"skip":true},"42":{"start":{"line":154,"column":12},"end":{"line":154,"column":25},"skip":true},"43":{"start":{"line":155,"column":12},"end":{"line":155,"column":45},"skip":true},"44":{"start":{"line":158,"column":8},"end":{"line":167,"column":10},"skip":true},"45":{"start":{"line":165,"column":12},"end":{"line":165,"column":25},"skip":true},"46":{"start":{"line":166,"column":12},"end":{"line":166,"column":48},"skip":true},"47":{"start":{"line":169,"column":8},"end":{"line":178,"column":10},"skip":true},"48":{"start":{"line":176,"column":12},"end":{"line":176,"column":25},"skip":true},"49":{"start":{"line":177,"column":12},"end":{"line":177,"column":46},"skip":true},"50":{"start":{"line":180,"column":8},"end":{"line":189,"column":10},"skip":true},"51":{"start":{"line":187,"column":12},"end":{"line":187,"column":94},"skip":true},"52":{"start":{"line":188,"column":12},"end":{"line":188,"column":48},"skip":true},"53":{"start":{"line":192,"column":8},"end":{"line":192,"column":35},"skip":true},"54":{"start":{"line":193,"column":8},"end":{"line":193,"column":14},"skip":true}},"branchMap":{"1":{"line":25,"type":"binary-expr","locations":[{"start":{"line":25,"column":23},"end":{"line":25,"column":62}},{"start":{"line":26,"column":20},"end":{"line":26,"column":70}},{"start":{"line":27,"column":20},"end":{"line":27,"column":71}},{"start":{"line":28,"column":20},"end":{"line":28,"column":29}}]},"2":{"line":30,"type":"binary-expr","locations":[{"start":{"line":30,"column":23},"end":{"line":30,"column":37}},{"start":{"line":31,"column":20},"end":{"line":31,"column":61}},{"start":{"line":32,"column":20},"end":{"line":32,"column":70}},{"start":{"line":33,"column":20},"end":{"line":33,"column":26}}]},"3":{"line":37,"type":"cond-expr","locations":[{"start":{"line":38,"column":14},"end":{"line":38,"column":20}},{"start":{"line":39,"column":14},"end":{"line":39,"column":20}}]},"4":{"line":40,"type":"switch","locations":[{"start":{"line":42,"column":8},"end":{"line":47,"column":18}},{"start":{"line":49,"column":8},"end":{"line":52,"column":18}}]},"5":{"line":44,"type":"binary-expr","locations":[{"start":{"line":44,"column":16},"end":{"line":44,"column":44}},{"start":{"line":44,"column":48},"end":{"line":44,"column":66}}]},"6":{"line":50,"type":"binary-expr","locations":[{"start":{"line":50,"column":21},"end":{"line":50,"column":49}},{"start":{"line":50,"column":53},"end":{"line":50,"column":72}}]},"7":{"line":64,"type":"switch","locations":[{"start":{"line":69,"column":4},"end":{"line":70,"column":14}},{"start":{"line":75,"column":4},"end":{"line":76,"column":14}}]},"8":{"line":85,"type":"switch","locations":[{"start":{"line":90,"column":4},"end":{"line":105,"column":14}},{"start":{"line":111,"column":4},"end":{"line":193,"column":14},"skip":true}]},"9":{"line":91,"type":"binary-expr","locations":[{"start":{"line":91,"column":42},"end":{"line":91,"column":73}},{"start":{"line":91,"column":77},"end":{"line":99,"column":9}}]},"10":{"line":102,"type":"binary-expr","locations":[{"start":{"line":102,"column":18},"end":{"line":102,"column":32}},{"start":{"line":103,"column":12},"end":{"line":103,"column":53}},{"start":{"line":104,"column":12},"end":{"line":104,"column":61}}]},"11":{"line":112,"type":"binary-expr","locations":[{"start":{"line":112,"column":45},"end":{"line":112,"column":79},"skip":true},{"start":{"line":112,"column":83},"end":{"line":121,"column":9},"skip":true}]},"12":{"line":123,"type":"binary-expr","locations":[{"start":{"line":123,"column":42},"end":{"line":123,"column":73},"skip":true},{"start":{"line":123,"column":77},"end":{"line":136,"column":9},"skip":true}]},"13":{"line":138,"type":"binary-expr","locations":[{"start":{"line":138,"column":48},"end":{"line":138,"column":85},"skip":true},{"start":{"line":139,"column":12},"end":{"line":145,"column":13},"skip":true}]},"14":{"line":147,"type":"binary-expr","locations":[{"start":{"line":147,"column":42},"end":{"line":147,"column":73},"skip":true},{"start":{"line":147,"column":77},"end":{"line":156,"column":9},"skip":true}]},"15":{"line":158,"type":"binary-expr","locations":[{"start":{"line":158,"column":45},"end":{"line":158,"column":79},"skip":true},{"start":{"line":158,"column":83},"end":{"line":167,"column":9},"skip":true}]},"16":{"line":169,"type":"binary-expr","locations":[{"start":{"line":169,"column":43},"end":{"line":169,"column":75},"skip":true},{"start":{"line":169,"column":79},"end":{"line":178,"column":9},"skip":true}]},"17":{"line":180,"type":"binary-expr","locations":[{"start":{"line":180,"column":41},"end":{"line":180,"column":71},"skip":true},{"start":{"line":180,"column":75},"end":{"line":189,"column":9},"skip":true}]}},"code":["/* istanbul instrument in package npmtest_telegram_node_bot */","/*jslint","    bitwise: true,","    browser: true,","    maxerr: 8,","    maxlen: 96,","    node: true,","    nomen: true,","    regexp: true,","    stupid: true","*/","(function () {","    'use strict';","    var local;","","","","    // run shared js-env code - pre-init","    (function () {","        // init local","        local = {};","        // init modeJs","        local.modeJs = (function () {","            try {","                return typeof navigator.userAgent === 'string' &&","                    typeof document.querySelector('body') === 'object' &&","                    typeof XMLHttpRequest.prototype.open === 'function' &&","                    'browser';","            } catch (errorCaughtBrowser) {","                return module.exports &&","                    typeof process.versions.node === 'string' &&","                    typeof require('http').createServer === 'function' &&","                    'node';","            }","        }());","        // init global","        local.global = local.modeJs === 'browser'","            ? window","            : global;","        switch (local.modeJs) {","        // re-init local from window.local","        case 'browser':","            local = local.global.utility2.objectSetDefault(","                local.global.utility2_rollup || local.global.local,","                local.global.utility2","            );","            break;","        // re-init local from example.js","        case 'node':","            local = (local.global.utility2_rollup || require('utility2'))","                .requireExampleJsFromReadme();","            break;","        }","        // export local","        local.global.local = local;","    }());","","","","    // run shared js-env code - function","    (function () {","        return;","    }());","    switch (local.modeJs) {","","","","    // run browser js-env code - function","    case 'browser':","        break;","","","","    // run node js-env code - function","    case 'node':","        break;","    }","","","","    // run shared js-env code - post-init","    (function () {","        return;","    }());","    switch (local.modeJs) {","","","","    // run browser js-env code - post-init","    case 'browser':","        local.testCase_browser_nullCase = local.testCase_browser_nullCase || function (","            options,","            onError","        ) {","        /*","         * this function will test browsers's null-case handling-behavior-behavior","         */","            onError(null, options);","        };","","        // run tests","        local.nop(local.modeTest &&","            document.querySelector('#testRunButton1') &&","            document.querySelector('#testRunButton1').click());","        break;","","","","    // run node js-env code - post-init","    /* istanbul ignore next */","    case 'node':","        local.testCase_buildApidoc_default = local.testCase_buildApidoc_default || function (","            options,","            onError","        ) {","        /*","         * this function will test buildApidoc's default handling-behavior-behavior","         */","            options = { modulePathList: module.paths };","            local.buildApidoc(options, onError);","        };","","        local.testCase_buildApp_default = local.testCase_buildApp_default || function (","            options,","            onError","        ) {","        /*","         * this function will test buildApp's default handling-behavior-behavior","         */","            local.testCase_buildReadme_default(options, local.onErrorThrow);","            local.testCase_buildLib_default(options, local.onErrorThrow);","            local.testCase_buildTest_default(options, local.onErrorThrow);","            local.testCase_buildCustomOrg_default(options, local.onErrorThrow);","            options = [];","            local.buildApp(options, onError);","        };","","        local.testCase_buildCustomOrg_default = local.testCase_buildCustomOrg_default ||","            function (options, onError) {","            /*","             * this function will test buildCustomOrg's default handling-behavior","             */","                options = {};","                local.buildCustomOrg(options, onError);","            };","","        local.testCase_buildLib_default = local.testCase_buildLib_default || function (","            options,","            onError","        ) {","        /*","         * this function will test buildLib's default handling-behavior","         */","            options = {};","            local.buildLib(options, onError);","        };","","        local.testCase_buildReadme_default = local.testCase_buildReadme_default || function (","            options,","            onError","        ) {","        /*","         * this function will test buildReadme's default handling-behavior-behavior","         */","            options = {};","            local.buildReadme(options, onError);","        };","","        local.testCase_buildTest_default = local.testCase_buildTest_default || function (","            options,","            onError","        ) {","        /*","         * this function will test buildTest's default handling-behavior","         */","            options = {};","            local.buildTest(options, onError);","        };","","        local.testCase_webpage_default = local.testCase_webpage_default || function (","            options,","            onError","        ) {","        /*","         * this function will test webpage's default handling-behavior","         */","            options = { modeCoverageMerge: true, url: local.serverLocalHost + '?modeTest=1' };","            local.browserTest(options, onError);","        };","","        // run test-server","        local.testRunServer(local);","        break;","    }","}());",""],"l":{"12":2,"14":2,"19":2,"21":2,"23":2,"24":2,"25":2,"30":1,"37":2,"40":2,"43":1,"47":1,"50":1,"52":1,"55":2,"61":2,"62":2,"64":2,"70":1,"76":1,"82":2,"83":2,"85":2,"91":1,"98":1,"102":1,"105":1,"112":1,"119":1,"120":1,"123":1,"130":1,"131":1,"132":1,"133":1,"134":1,"135":1,"138":1,"143":2,"144":2,"147":1,"154":2,"155":2,"158":1,"165":2,"166":2,"169":1,"176":2,"177":2,"180":1,"187":1,"188":1,"192":1,"193":1}},"/home/travis/build/npmtest/node-npmtest-telegram-node-bot/lib.npmtest_telegram_node_bot.js":{"path":"/home/travis/build/npmtest/node-npmtest-telegram-node-bot/lib.npmtest_telegram_node_bot.js","s":{"1":2,"2":2,"3":2,"4":2,"5":2,"6":2,"7":2,"8":1,"9":2,"10":2,"11":2,"12":2,"13":1,"14":1,"15":1,"16":1},"b":{"1":[2,1,1,1],"2":[1,1,1,1],"3":[1,1],"4":[2,2],"5":[1,1]},"f":{"1":2,"2":2,"3":2},"fnMap":{"1":{"name":"(anonymous_1)","line":12,"loc":{"start":{"line":12,"column":1},"end":{"line":12,"column":13}}},"2":{"name":"(anonymous_2)","line":19,"loc":{"start":{"line":19,"column":5},"end":{"line":19,"column":17}}},"3":{"name":"(anonymous_3)","line":23,"loc":{"start":{"line":23,"column":24},"end":{"line":23,"column":36}}}},"statementMap":{"1":{"start":{"line":12,"column":0},"end":{"line":53,"column":5}},"2":{"start":{"line":14,"column":4},"end":{"line":14,"column":14}},"3":{"start":{"line":19,"column":4},"end":{"line":52,"column":9}},"4":{"start":{"line":21,"column":8},"end":{"line":21,"column":19}},"5":{"start":{"line":23,"column":8},"end":{"line":35,"column":13}},"6":{"start":{"line":24,"column":12},"end":{"line":34,"column":13}},"7":{"start":{"line":25,"column":16},"end":{"line":28,"column":30}},"8":{"start":{"line":30,"column":16},"end":{"line":33,"column":27}},"9":{"start":{"line":37,"column":8},"end":{"line":39,"column":21}},"10":{"start":{"line":41,"column":8},"end":{"line":41,"column":54}},"11":{"start":{"line":43,"column":8},"end":{"line":43,"column":62}},"12":{"start":{"line":45,"column":8},"end":{"line":51,"column":9}},"13":{"start":{"line":46,"column":12},"end":{"line":46,"column":68}},"14":{"start":{"line":48,"column":12},"end":{"line":48,"column":35}},"15":{"start":{"line":49,"column":12},"end":{"line":49,"column":49}},"16":{"start":{"line":50,"column":12},"end":{"line":50,"column":43}}},"branchMap":{"1":{"line":25,"type":"binary-expr","locations":[{"start":{"line":25,"column":23},"end":{"line":25,"column":62}},{"start":{"line":26,"column":20},"end":{"line":26,"column":70}},{"start":{"line":27,"column":20},"end":{"line":27,"column":71}},{"start":{"line":28,"column":20},"end":{"line":28,"column":29}}]},"2":{"line":30,"type":"binary-expr","locations":[{"start":{"line":30,"column":23},"end":{"line":30,"column":37}},{"start":{"line":31,"column":20},"end":{"line":31,"column":61}},{"start":{"line":32,"column":20},"end":{"line":32,"column":70}},{"start":{"line":33,"column":20},"end":{"line":33,"column":26}}]},"3":{"line":37,"type":"cond-expr","locations":[{"start":{"line":38,"column":14},"end":{"line":38,"column":20}},{"start":{"line":39,"column":14},"end":{"line":39,"column":20}}]},"4":{"line":41,"type":"binary-expr","locations":[{"start":{"line":41,"column":16},"end":{"line":41,"column":44}},{"start":{"line":41,"column":48},"end":{"line":41,"column":53}}]},"5":{"line":45,"type":"if","locations":[{"start":{"line":45,"column":8},"end":{"line":45,"column":8}},{"start":{"line":45,"column":8},"end":{"line":45,"column":8}}]}},"code":["/* istanbul instrument in package npmtest_telegram_node_bot */","/*jslint","    bitwise: true,","    browser: true,","    maxerr: 8,","    maxlen: 96,","    node: true,","    nomen: true,","    regexp: true,","    stupid: true","*/","(function () {","    'use strict';","    var local;","","","","    // run shared js-env code - pre-init","    (function () {","        // init local","        local = {};","        // init modeJs","        local.modeJs = (function () {","            try {","                return typeof navigator.userAgent === 'string' &&","                    typeof document.querySelector('body') === 'object' &&","                    typeof XMLHttpRequest.prototype.open === 'function' &&","                    'browser';","            } catch (errorCaughtBrowser) {","                return module.exports &&","                    typeof process.versions.node === 'string' &&","                    typeof require('http').createServer === 'function' &&","                    'node';","            }","        }());","        // init global","        local.global = local.modeJs === 'browser'","            ? window","            : global;","        // init utility2_rollup","        local = local.global.utility2_rollup || local;","        // init lib","        local.local = local.npmtest_telegram_node_bot = local;","        // init exports","        if (local.modeJs === 'browser') {","            local.global.utility2_npmtest_telegram_node_bot = local;","        } else {","            module.exports = local;","            module.exports.__dirname = __dirname;","            module.exports.module = module;","        }","    }());","}());",""],"l":{"12":2,"14":2,"19":2,"21":2,"23":2,"24":2,"25":2,"30":1,"37":2,"41":2,"43":2,"45":2,"46":1,"48":1,"49":1,"50":1}},"/home/travis/build/npmtest/node-npmtest-telegram-node-bot/example.js":{"path":"/home/travis/build/npmtest/node-npmtest-telegram-node-bot/example.js","s":{"1":2,"2":2,"3":2,"4":2,"5":2,"6":2,"7":2,"8":1,"9":2,"10":2,"11":2,"12":2,"13":1,"14":2,"15":2,"16":2,"17":2,"18":2,"19":0,"20":2,"21":1,"22":1,"23":1,"24":1,"25":1,"26":0,"27":0,"28":1,"29":1,"30":2,"31":0,"32":0,"33":0,"34":1,"35":2,"36":2,"37":3,"38":3,"39":3,"40":3,"41":0,"42":3,"43":3,"44":3,"45":1,"46":3,"47":1,"48":1,"49":1,"50":1,"51":1,"52":1,"53":1,"54":1,"55":1,"56":1,"57":0,"58":1,"59":6,"60":6,"61":1,"62":2,"63":0,"64":2,"65":1,"66":1,"67":0,"68":0,"69":0,"70":0,"71":0,"72":0,"73":0,"74":0,"75":0,"76":0,"77":0,"78":0,"79":0,"80":0,"81":0,"82":0,"83":0},"b":{"1":[2,1,1,1],"2":[1,1,1,1],"3":[1,1],"4":[2,2],"5":[1,1],"6":[1,1],"7":[2,0],"8":[2,1,1,1,1,1],"9":[0,2,0],"10":[1,1],"11":[2,1,1],"12":[1,0],"13":[0,2],"14":[2,0,0,0,0,0,0],"15":[0,3],"16":[3,0],"17":[1,1],"18":[0,1],"19":[1,2,0,2],"20":[1,0],"21":[1,1],"22":[0,0],"23":[0,0],"24":[0,0],"25":[0,0],"26":[0,0],"27":[0,0],"28":[0,0]},"f":{"1":2,"2":2,"3":2,"4":2,"5":2,"6":2,"7":3,"8":3,"9":3,"10":1,"11":6,"12":0},"fnMap":{"1":{"name":"(anonymous_1)","line":26,"loc":{"start":{"line":26,"column":1},"end":{"line":26,"column":13}}},"2":{"name":"(anonymous_2)","line":33,"loc":{"start":{"line":33,"column":5},"end":{"line":33,"column":17}}},"3":{"name":"(anonymous_3)","line":37,"loc":{"start":{"line":37,"column":24},"end":{"line":37,"column":36}}},"4":{"name":"(anonymous_4)","line":69,"loc":{"start":{"line":69,"column":31},"end":{"line":69,"column":48}},"skip":true},"5":{"name":"(anonymous_5)","line":78,"loc":{"start":{"line":78,"column":26},"end":{"line":78,"column":45}},"skip":true},"6":{"name":"(anonymous_6)","line":123,"loc":{"start":{"line":123,"column":33},"end":{"line":123,"column":48}},"skip":true},"7":{"name":"(anonymous_7)","line":125,"loc":{"start":{"line":125,"column":27},"end":{"line":125,"column":39}},"skip":true},"8":{"name":"(anonymous_8)","line":133,"loc":{"start":{"line":133,"column":59},"end":{"line":133,"column":74}},"skip":true},"9":{"name":"(anonymous_9)","line":143,"loc":{"start":{"line":143,"column":45},"end":{"line":143,"column":62}},"skip":true},"10":{"name":"(anonymous_10)","line":144,"loc":{"start":{"line":144,"column":73},"end":{"line":144,"column":92}},"skip":true},"11":{"name":"(anonymous_11)","line":272,"loc":{"start":{"line":272,"column":51},"end":{"line":272,"column":77}},"skip":true},"12":{"name":"(anonymous_12)","line":315,"loc":{"start":{"line":315,"column":32},"end":{"line":315,"column":61}},"skip":true}},"statementMap":{"1":{"start":{"line":26,"column":0},"end":{"line":326,"column":5}},"2":{"start":{"line":28,"column":4},"end":{"line":28,"column":14}},"3":{"start":{"line":33,"column":4},"end":{"line":60,"column":9}},"4":{"start":{"line":35,"column":8},"end":{"line":35,"column":19}},"5":{"start":{"line":37,"column":8},"end":{"line":49,"column":13}},"6":{"start":{"line":38,"column":12},"end":{"line":48,"column":13}},"7":{"start":{"line":39,"column":16},"end":{"line":42,"column":30}},"8":{"start":{"line":44,"column":16},"end":{"line":47,"column":27}},"9":{"start":{"line":51,"column":8},"end":{"line":53,"column":21}},"10":{"start":{"line":55,"column":8},"end":{"line":57,"column":45}},"11":{"start":{"line":59,"column":8},"end":{"line":59,"column":35}},"12":{"start":{"line":61,"column":4},"end":{"line":325,"column":5}},"13":{"start":{"line":69,"column":8},"end":{"line":121,"column":10},"skip":true},"14":{"start":{"line":70,"column":12},"end":{"line":88,"column":13},"skip":true},"15":{"start":{"line":76,"column":16},"end":{"line":87,"column":19},"skip":true},"16":{"start":{"line":79,"column":20},"end":{"line":86,"column":21},"skip":true},"17":{"start":{"line":82,"column":24},"end":{"line":82,"column":43},"skip":true},"18":{"start":{"line":83,"column":24},"end":{"line":83,"column":30},"skip":true},"19":{"start":{"line":85,"column":24},"end":{"line":85,"column":49},"skip":true},"20":{"start":{"line":89,"column":12},"end":{"line":107,"column":13},"skip":true},"21":{"start":{"line":92,"column":16},"end":{"line":102,"column":17},"skip":true},"22":{"start":{"line":93,"column":20},"end":{"line":93,"column":86},"skip":true},"23":{"start":{"line":94,"column":20},"end":{"line":95,"column":45},"skip":true},"24":{"start":{"line":96,"column":20},"end":{"line":96,"column":42},"skip":true},"25":{"start":{"line":97,"column":20},"end":{"line":97,"column":48},"skip":true},"26":{"start":{"line":100,"column":20},"end":{"line":100,"column":85},"skip":true},"27":{"start":{"line":101,"column":20},"end":{"line":101,"column":96},"skip":true},"28":{"start":{"line":103,"column":16},"end":{"line":103,"column":22},"skip":true},"29":{"start":{"line":106,"column":16},"end":{"line":106,"column":22},"skip":true},"30":{"start":{"line":108,"column":12},"end":{"line":120,"column":13},"skip":true},"31":{"start":{"line":114,"column":16},"end":{"line":119,"column":17},"skip":true},"32":{"start":{"line":116,"column":20},"end":{"line":116,"column":78},"skip":true},"33":{"start":{"line":118,"column":20},"end":{"line":118,"column":47},"skip":true},"34":{"start":{"line":123,"column":8},"end":{"line":141,"column":11},"skip":true},"35":{"start":{"line":124,"column":12},"end":{"line":124,"column":54},"skip":true},"36":{"start":{"line":125,"column":12},"end":{"line":140,"column":14},"skip":true},"37":{"start":{"line":126,"column":16},"end":{"line":126,"column":28},"skip":true},"38":{"start":{"line":127,"column":16},"end":{"line":127,"column":69},"skip":true},"39":{"start":{"line":128,"column":16},"end":{"line":128,"column":75},"skip":true},"40":{"start":{"line":129,"column":16},"end":{"line":131,"column":17},"skip":true},"41":{"start":{"line":130,"column":20},"end":{"line":130,"column":27},"skip":true},"42":{"start":{"line":133,"column":16},"end":{"line":137,"column":36},"skip":true},"43":{"start":{"line":134,"column":20},"end":{"line":136,"column":55},"skip":true},"44":{"start":{"line":139,"column":16},"end":{"line":139,"column":57},"skip":true},"45":{"start":{"line":143,"column":8},"end":{"line":147,"column":11},"skip":true},"46":{"start":{"line":144,"column":12},"end":{"line":146,"column":15},"skip":true},"47":{"start":{"line":145,"column":16},"end":{"line":145,"column":70},"skip":true},"48":{"start":{"line":149,"column":8},"end":{"line":149,"column":31},"skip":true},"49":{"start":{"line":150,"column":8},"end":{"line":150,"column":14},"skip":true},"50":{"start":{"line":158,"column":8},"end":{"line":158,"column":31},"skip":true},"51":{"start":{"line":160,"column":8},"end":{"line":160,"column":33},"skip":true},"52":{"start":{"line":161,"column":8},"end":{"line":161,"column":37},"skip":true},"53":{"start":{"line":162,"column":8},"end":{"line":162,"column":35},"skip":true},"54":{"start":{"line":164,"column":8},"end":{"line":164,"column":50},"skip":true},"55":{"start":{"line":166,"column":8},"end":{"line":256,"column":2},"skip":true},"56":{"start":{"line":258,"column":8},"end":{"line":286,"column":9},"skip":true},"57":{"start":{"line":259,"column":12},"end":{"line":269,"column":14},"skip":true},"58":{"start":{"line":271,"column":12},"end":{"line":285,"column":19},"skip":true},"59":{"start":{"line":274,"column":20},"end":{"line":274,"column":35},"skip":true},"60":{"start":{"line":275,"column":20},"end":{"line":284,"column":21},"skip":true},"61":{"start":{"line":277,"column":24},"end":{"line":277,"column":64},"skip":true},"62":{"start":{"line":279,"column":24},"end":{"line":279,"column":40},"skip":true},"63":{"start":{"line":281,"column":24},"end":{"line":281,"column":40},"skip":true},"64":{"start":{"line":283,"column":24},"end":{"line":283,"column":39},"skip":true},"65":{"start":{"line":288,"column":8},"end":{"line":290,"column":9},"skip":true},"66":{"start":{"line":289,"column":12},"end":{"line":289,"column":18},"skip":true},"67":{"start":{"line":291,"column":8},"end":{"line":293,"column":54},"skip":true},"68":{"start":{"line":296,"column":8},"end":{"line":301,"column":37},"skip":true},"69":{"start":{"line":303,"column":8},"end":{"line":303,"column":82},"skip":true},"70":{"start":{"line":306,"column":8},"end":{"line":308,"column":9},"skip":true},"71":{"start":{"line":307,"column":12},"end":{"line":307,"column":82},"skip":true},"72":{"start":{"line":310,"column":8},"end":{"line":312,"column":9},"skip":true},"73":{"start":{"line":311,"column":12},"end":{"line":311,"column":18},"skip":true},"74":{"start":{"line":313,"column":8},"end":{"line":313,"column":54},"skip":true},"75":{"start":{"line":314,"column":8},"end":{"line":314,"column":69},"skip":true},"76":{"start":{"line":315,"column":8},"end":{"line":323,"column":36},"skip":true},"77":{"start":{"line":316,"column":12},"end":{"line":316,"column":61},"skip":true},"78":{"start":{"line":317,"column":12},"end":{"line":320,"column":13},"skip":true},"79":{"start":{"line":318,"column":16},"end":{"line":318,"column":75},"skip":true},"80":{"start":{"line":319,"column":16},"end":{"line":319,"column":23},"skip":true},"81":{"start":{"line":321,"column":12},"end":{"line":321,"column":38},"skip":true},"82":{"start":{"line":322,"column":12},"end":{"line":322,"column":27},"skip":true},"83":{"start":{"line":324,"column":8},"end":{"line":324,"column":14},"skip":true}},"branchMap":{"1":{"line":39,"type":"binary-expr","locations":[{"start":{"line":39,"column":23},"end":{"line":39,"column":62}},{"start":{"line":40,"column":20},"end":{"line":40,"column":70}},{"start":{"line":41,"column":20},"end":{"line":41,"column":71}},{"start":{"line":42,"column":20},"end":{"line":42,"column":29}}]},"2":{"line":44,"type":"binary-expr","locations":[{"start":{"line":44,"column":23},"end":{"line":44,"column":37}},{"start":{"line":45,"column":20},"end":{"line":45,"column":61}},{"start":{"line":46,"column":20},"end":{"line":46,"column":70}},{"start":{"line":47,"column":20},"end":{"line":47,"column":26}}]},"3":{"line":51,"type":"cond-expr","locations":[{"start":{"line":52,"column":14},"end":{"line":52,"column":20}},{"start":{"line":53,"column":14},"end":{"line":53,"column":20}}]},"4":{"line":55,"type":"binary-expr","locations":[{"start":{"line":55,"column":16},"end":{"line":55,"column":44}},{"start":{"line":55,"column":49},"end":{"line":57,"column":43}}]},"5":{"line":55,"type":"cond-expr","locations":[{"start":{"line":56,"column":14},"end":{"line":56,"column":61}},{"start":{"line":57,"column":14},"end":{"line":57,"column":43}}]},"6":{"line":61,"type":"switch","locations":[{"start":{"line":68,"column":4},"end":{"line":150,"column":14},"skip":true},{"start":{"line":156,"column":4},"end":{"line":324,"column":14},"skip":true}]},"7":{"line":70,"type":"if","locations":[{"start":{"line":70,"column":12},"end":{"line":70,"column":12},"skip":true},{"start":{"line":70,"column":12},"end":{"line":70,"column":12},"skip":true}]},"8":{"line":70,"type":"binary-expr","locations":[{"start":{"line":70,"column":16},"end":{"line":70,"column":22},"skip":true},{"start":{"line":70,"column":27},"end":{"line":70,"column":32},"skip":true},{"start":{"line":71,"column":20},"end":{"line":71,"column":39},"skip":true},{"start":{"line":72,"column":20},"end":{"line":72,"column":49},"skip":true},{"start":{"line":73,"column":20},"end":{"line":73,"column":58},"skip":true},{"start":{"line":74,"column":20},"end":{"line":74,"column":69},"skip":true}]},"9":{"line":79,"type":"switch","locations":[{"start":{"line":80,"column":20},"end":{"line":80,"column":33},"skip":true},{"start":{"line":81,"column":20},"end":{"line":83,"column":30},"skip":true},{"start":{"line":84,"column":20},"end":{"line":85,"column":49},"skip":true}]},"10":{"line":89,"type":"switch","locations":[{"start":{"line":90,"column":12},"end":{"line":103,"column":22},"skip":true},{"start":{"line":105,"column":12},"end":{"line":106,"column":22},"skip":true}]},"11":{"line":89,"type":"binary-expr","locations":[{"start":{"line":89,"column":20},"end":{"line":89,"column":25},"skip":true},{"start":{"line":89,"column":29},"end":{"line":89,"column":48},"skip":true},{"start":{"line":89,"column":52},"end":{"line":89,"column":74},"skip":true}]},"12":{"line":92,"type":"if","locations":[{"start":{"line":92,"column":16},"end":{"line":92,"column":16},"skip":true},{"start":{"line":92,"column":16},"end":{"line":92,"column":16},"skip":true}]},"13":{"line":108,"type":"if","locations":[{"start":{"line":108,"column":12},"end":{"line":108,"column":12},"skip":true},{"start":{"line":108,"column":12},"end":{"line":108,"column":12},"skip":true}]},"14":{"line":108,"type":"binary-expr","locations":[{"start":{"line":108,"column":16},"end":{"line":108,"column":61},"skip":true},{"start":{"line":108,"column":66},"end":{"line":108,"column":72},"skip":true},{"start":{"line":108,"column":77},"end":{"line":108,"column":82},"skip":true},{"start":{"line":109,"column":20},"end":{"line":109,"column":39},"skip":true},{"start":{"line":110,"column":20},"end":{"line":110,"column":49},"skip":true},{"start":{"line":111,"column":20},"end":{"line":111,"column":58},"skip":true},{"start":{"line":112,"column":20},"end":{"line":112,"column":68},"skip":true}]},"15":{"line":129,"type":"if","locations":[{"start":{"line":129,"column":16},"end":{"line":129,"column":16},"skip":true},{"start":{"line":129,"column":16},"end":{"line":129,"column":16},"skip":true}]},"16":{"line":134,"type":"cond-expr","locations":[{"start":{"line":135,"column":26},"end":{"line":135,"column":29},"skip":true},{"start":{"line":136,"column":26},"end":{"line":136,"column":54},"skip":true}]},"17":{"line":164,"type":"binary-expr","locations":[{"start":{"line":164,"column":27},"end":{"line":164,"column":43},"skip":true},{"start":{"line":164,"column":47},"end":{"line":164,"column":49},"skip":true}]},"18":{"line":258,"type":"if","locations":[{"start":{"line":258,"column":8},"end":{"line":258,"column":8},"skip":true},{"start":{"line":258,"column":8},"end":{"line":258,"column":8},"skip":true}]},"19":{"line":275,"type":"switch","locations":[{"start":{"line":276,"column":20},"end":{"line":277,"column":64},"skip":true},{"start":{"line":278,"column":20},"end":{"line":279,"column":40},"skip":true},{"start":{"line":280,"column":20},"end":{"line":281,"column":40},"skip":true},{"start":{"line":282,"column":20},"end":{"line":283,"column":39},"skip":true}]},"20":{"line":288,"type":"if","locations":[{"start":{"line":288,"column":8},"end":{"line":288,"column":8},"skip":true},{"start":{"line":288,"column":8},"end":{"line":288,"column":8},"skip":true}]},"21":{"line":288,"type":"binary-expr","locations":[{"start":{"line":288,"column":12},"end":{"line":288,"column":40},"skip":true},{"start":{"line":288,"column":44},"end":{"line":288,"column":67},"skip":true}]},"22":{"line":292,"type":"binary-expr","locations":[{"start":{"line":292,"column":12},"end":{"line":292,"column":50},"skip":true},{"start":{"line":293,"column":12},"end":{"line":293,"column":53},"skip":true}]},"23":{"line":297,"type":"binary-expr","locations":[{"start":{"line":297,"column":12},"end":{"line":297,"column":75},"skip":true},{"start":{"line":298,"column":12},"end":{"line":301,"column":36},"skip":true}]},"24":{"line":303,"type":"binary-expr","locations":[{"start":{"line":303,"column":43},"end":{"line":303,"column":75},"skip":true},{"start":{"line":303,"column":79},"end":{"line":303,"column":81},"skip":true}]},"25":{"line":306,"type":"if","locations":[{"start":{"line":306,"column":8},"end":{"line":306,"column":8},"skip":true},{"start":{"line":306,"column":8},"end":{"line":306,"column":8},"skip":true}]},"26":{"line":310,"type":"if","locations":[{"start":{"line":310,"column":8},"end":{"line":310,"column":8},"skip":true},{"start":{"line":310,"column":8},"end":{"line":310,"column":8},"skip":true}]},"27":{"line":313,"type":"binary-expr","locations":[{"start":{"line":313,"column":27},"end":{"line":313,"column":43},"skip":true},{"start":{"line":313,"column":47},"end":{"line":313,"column":53},"skip":true}]},"28":{"line":317,"type":"if","locations":[{"start":{"line":317,"column":12},"end":{"line":317,"column":12},"skip":true},{"start":{"line":317,"column":12},"end":{"line":317,"column":12},"skip":true}]}},"code":["/*","example.js","","quickstart example","","instruction","    1. save this script as example.js","    2. run the shell command:","        $ npm install npmtest-telegram-node-bot && PORT=8081 node example.js","    3. play with the browser-demo on http://127.0.0.1:8081","*/","","","","/* istanbul instrument in package npmtest_telegram_node_bot */","/*jslint","    bitwise: true,","    browser: true,","    maxerr: 8,","    maxlen: 96,","    node: true,","    nomen: true,","    regexp: true,","    stupid: true","*/","(function () {","    'use strict';","    var local;","","","","    // run shared js-env code - pre-init","    (function () {","        // init local","        local = {};","        // init modeJs","        local.modeJs = (function () {","            try {","                return typeof navigator.userAgent === 'string' &&","                    typeof document.querySelector('body') === 'object' &&","                    typeof XMLHttpRequest.prototype.open === 'function' &&","                    'browser';","            } catch (errorCaughtBrowser) {","                return module.exports &&","                    typeof process.versions.node === 'string' &&","                    typeof require('http').createServer === 'function' &&","                    'node';","            }","        }());","        // init global","        local.global = local.modeJs === 'browser'","            ? window","            : global;","        // init utility2_rollup","        local = local.global.utility2_rollup || (local.modeJs === 'browser'","            ? local.global.utility2_npmtest_telegram_node_bot","            : global.utility2_moduleExports);","        // export local","        local.global.local = local;","    }());","    switch (local.modeJs) {","","","","    // post-init","    // run browser js-env code - post-init","    /* istanbul ignore next */","    case 'browser':","        local.testRunBrowser = function (event) {","            if (!event || (event &&","                    event.currentTarget &&","                    event.currentTarget.className &&","                    event.currentTarget.className.includes &&","                    event.currentTarget.className.includes('onreset'))) {","                // reset output","                Array.from(","                    document.querySelectorAll('body > .resettable')","                ).forEach(function (element) {","                    switch (element.tagName) {","                    case 'INPUT':","                    case 'TEXTAREA':","                        element.value = '';","                        break;","                    default:","                        element.textContent = '';","                    }","                });","            }","            switch (event && event.currentTarget && event.currentTarget.id) {","            case 'testRunButton1':","                // show tests","                if (document.querySelector('#testReportDiv1').style.display === 'none') {","                    document.querySelector('#testReportDiv1').style.display = 'block';","                    document.querySelector('#testRunButton1').textContent =","                        'hide internal test';","                    local.modeTest = true;","                    local.testRunDefault(local);","                // hide tests","                } else {","                    document.querySelector('#testReportDiv1').style.display = 'none';","                    document.querySelector('#testRunButton1').textContent = 'run internal test';","                }","                break;","            // custom-case","            default:","                break;","            }","            if (document.querySelector('#inputTextareaEval1') && (!event || (event &&","                    event.currentTarget &&","                    event.currentTarget.className &&","                    event.currentTarget.className.includes &&","                    event.currentTarget.className.includes('oneval')))) {","                // try to eval input-code","                try {","                    /*jslint evil: true*/","                    eval(document.querySelector('#inputTextareaEval1').value);","                } catch (errorCaught) {","                    console.error(errorCaught);","                }","            }","        };","        // log stderr and stdout to #outputTextareaStdout1","        ['error', 'log'].forEach(function (key) {","            console[key + '_original'] = console[key];","            console[key] = function () {","                var element;","                console[key + '_original'].apply(console, arguments);","                element = document.querySelector('#outputTextareaStdout1');","                if (!element) {","                    return;","                }","                // append text to #outputTextareaStdout1","                element.value += Array.from(arguments).map(function (arg) {","                    return typeof arg === 'string'","                        ? arg","                        : JSON.stringify(arg, null, 4);","                }).join(' ') + '\\n';","                // scroll textarea to bottom","                element.scrollTop = element.scrollHeight;","            };","        });","        // init event-handling","        ['change', 'click', 'keyup'].forEach(function (event) {","            Array.from(document.querySelectorAll('.on' + event)).forEach(function (element) {","                element.addEventListener(event, local.testRunBrowser);","            });","        });","        // run tests","        local.testRunBrowser();","        break;","","","","    // run node js-env code - post-init","    /* istanbul ignore next */","    case 'node':","        // export local","        module.exports = local;","        // require modules","        local.fs = require('fs');","        local.http = require('http');","        local.url = require('url');","        // init assets","        local.assetsDict = local.assetsDict || {};","        /* jslint-ignore-begin */","        local.assetsDict['/assets.index.template.html'] = '\\","<!doctype html>\\n\\","<html lang=\"en\">\\n\\","<head>\\n\\","<meta charset=\"UTF-8\">\\n\\","<meta name=\"viewport\" content=\"width=device-width, initial-scale=1\">\\n\\","<title>{{env.npm_package_name}} (v{{env.npm_package_version}})</title>\\n\\","<style>\\n\\","/*csslint\\n\\","    box-sizing: false,\\n\\","    universal-selector: false\\n\\","*/\\n\\","* {\\n\\","    box-sizing: border-box;\\n\\","}\\n\\","body {\\n\\","    background: #dde;\\n\\","    font-family: Arial, Helvetica, sans-serif;\\n\\","    margin: 2rem;\\n\\","}\\n\\","body > * {\\n\\","    margin-bottom: 1rem;\\n\\","}\\n\\",".utility2FooterDiv {\\n\\","    margin-top: 20px;\\n\\","    text-align: center;\\n\\","}\\n\\","</style>\\n\\","<style>\\n\\","/*csslint\\n\\","*/\\n\\","textarea {\\n\\","    font-family: monospace;\\n\\","    height: 10rem;\\n\\","    width: 100%;\\n\\","}\\n\\","textarea[readonly] {\\n\\","    background: #ddd;\\n\\","}\\n\\","</style>\\n\\","</head>\\n\\","<body>\\n\\","<!-- utility2-comment\\n\\","<div id=\"ajaxProgressDiv1\" style=\"background: #d00; height: 2px; left: 0; margin: 0; padding: 0; position: fixed; top: 0; transition: background 0.5s, width 1.5s; width: 25%;\"></div>\\n\\","utility2-comment -->\\n\\","<h1>\\n\\","<!-- utility2-comment\\n\\","    <a\\n\\","        {{#if env.npm_package_homepage}}\\n\\","        href=\"{{env.npm_package_homepage}}\"\\n\\","        {{/if env.npm_package_homepage}}\\n\\","        target=\"_blank\"\\n\\","    >\\n\\","utility2-comment -->\\n\\","        {{env.npm_package_name}} (v{{env.npm_package_version}})\\n\\","<!-- utility2-comment\\n\\","    </a>\\n\\","utility2-comment -->\\n\\","</h1>\\n\\","<h3>{{env.npm_package_description}}</h3>\\n\\","<!-- utility2-comment\\n\\","<h4><a download href=\"assets.app.js\">download standalone app</a></h4>\\n\\","<button class=\"onclick onreset\" id=\"testRunButton1\">run internal test</button><br>\\n\\","<div id=\"testReportDiv1\" style=\"display: none;\"></div>\\n\\","utility2-comment -->\\n\\","\\n\\","\\n\\","\\n\\","<label>stderr and stdout</label>\\n\\","<textarea class=\"resettable\" id=\"outputTextareaStdout1\" readonly></textarea>\\n\\","<!-- utility2-comment\\n\\","{{#if isRollup}}\\n\\","<script src=\"assets.app.js\"></script>\\n\\","{{#unless isRollup}}\\n\\","utility2-comment -->\\n\\","<script src=\"assets.utility2.rollup.js\"></script>\\n\\","<script src=\"jsonp.utility2._stateInit?callback=window.utility2._stateInit\"></script>\\n\\","<script src=\"assets.npmtest_telegram_node_bot.rollup.js\"></script>\\n\\","<script src=\"assets.example.js\"></script>\\n\\","<script src=\"assets.test.js\"></script>\\n\\","<!-- utility2-comment\\n\\","{{/if isRollup}}\\n\\","utility2-comment -->\\n\\","<div class=\"utility2FooterDiv\">\\n\\","    [ this app was created with\\n\\","    <a href=\"https://github.com/kaizhu256/node-utility2\" target=\"_blank\">utility2</a>\\n\\","    ]\\n\\","</div>\\n\\","</body>\\n\\","</html>\\n\\","';","        /* jslint-ignore-end */","        if (local.templateRender) {","            local.assetsDict['/'] = local.templateRender(","                local.assetsDict['/assets.index.template.html'],","                {","                    env: local.objectSetDefault(local.env, {","                        npm_package_description: 'the greatest app in the world!',","                        npm_package_name: 'my-app',","                        npm_package_nameAlias: 'my_app',","                        npm_package_version: '0.0.1'","                    })","                }","            );","        } else {","            local.assetsDict['/'] = local.assetsDict['/assets.index.template.html']","                .replace((/\\{\\{env\\.(\\w+?)\\}\\}/g), function (match0, match1) {","                    // jslint-hack","                    String(match0);","                    switch (match1) {","                    case 'npm_package_description':","                        return 'the greatest app in the world!';","                    case 'npm_package_name':","                        return 'my-app';","                    case 'npm_package_nameAlias':","                        return 'my_app';","                    case 'npm_package_version':","                        return '0.0.1';","                    }","                });","        }","        // run the cli","        if (local.global.utility2_rollup || module !== require.main) {","            break;","        }","        local.assetsDict['/assets.example.js'] =","            local.assetsDict['/assets.example.js'] ||","            local.fs.readFileSync(__filename, 'utf8');","        // bug-workaround - long $npm_package_buildCustomOrg","        /* jslint-ignore-begin */","        local.assetsDict['/assets.npmtest_telegram_node_bot.rollup.js'] =","            local.assetsDict['/assets.npmtest_telegram_node_bot.rollup.js'] ||","            local.fs.readFileSync(","                local.npmtest_telegram_node_bot.__dirname + '/lib.npmtest_telegram_node_bot.js',","                'utf8'","            ).replace((/^#!/), '//');","        /* jslint-ignore-end */","        local.assetsDict['/favicon.ico'] = local.assetsDict['/favicon.ico'] || '';","        // if $npm_config_timeout_exit exists,","        // then exit this process after $npm_config_timeout_exit ms","        if (Number(process.env.npm_config_timeout_exit)) {","            setTimeout(process.exit, Number(process.env.npm_config_timeout_exit));","        }","        // start server","        if (local.global.utility2_serverHttp1) {","            break;","        }","        process.env.PORT = process.env.PORT || '8081';","        console.error('server starting on port ' + process.env.PORT);","        local.http.createServer(function (request, response) {","            request.urlParsed = local.url.parse(request.url);","            if (local.assetsDict[request.urlParsed.pathname] !== undefined) {","                response.end(local.assetsDict[request.urlParsed.pathname]);","                return;","            }","            response.statusCode = 404;","            response.end();","        }).listen(process.env.PORT);","        break;","    }","}());",""],"l":{"26":2,"28":2,"33":2,"35":2,"37":2,"38":2,"39":2,"44":1,"51":2,"55":2,"59":2,"61":2,"69":1,"70":2,"76":2,"79":2,"82":2,"83":2,"85":1,"89":2,"92":1,"93":1,"94":1,"96":1,"97":1,"100":1,"101":1,"103":1,"106":1,"108":2,"114":1,"116":1,"118":1,"123":1,"124":2,"125":2,"126":3,"127":3,"128":3,"129":3,"130":1,"133":3,"134":3,"139":3,"143":1,"144":3,"145":1,"149":1,"150":1,"158":1,"160":1,"161":1,"162":1,"164":1,"166":1,"258":1,"259":1,"271":1,"274":6,"275":6,"277":1,"279":2,"281":1,"283":2,"288":1,"289":1,"291":1,"296":1,"303":1,"306":1,"307":1,"310":1,"311":1,"313":1,"314":1,"315":1,"316":1,"317":1,"318":1,"319":1,"321":1,"322":1,"324":1}},"/home/travis/build/npmtest/node-npmtest-telegram-node-bot/node_modules/telegram-node-bot/lib/Telegram.js":{"path":"/home/travis/build/npmtest/node-npmtest-telegram-node-bot/node_modules/telegram-node-bot/lib/Telegram.js","s":{"1":1,"2":1,"3":1,"4":1,"5":1,"6":1,"7":1,"8":1,"9":1,"10":1,"11":1,"12":1,"13":1,"14":1,"15":1,"16":1,"17":1,"18":1,"19":1,"20":1,"21":1,"22":1,"23":1,"24":1,"25":1,"26":1,"27":1,"28":1,"29":1,"30":1,"31":1,"32":1,"33":1,"34":0,"35":0,"36":0,"37":0,"38":0,"39":0,"40":0,"41":0,"42":0,"43":0,"44":0,"45":0,"46":0,"47":0,"48":0,"49":0,"50":0,"51":0,"52":0,"53":0,"54":0,"55":0,"56":0,"57":0,"58":0,"59":0,"60":0,"61":0,"62":0,"63":0,"64":0,"65":0,"66":0,"67":0,"68":0,"69":0,"70":0,"71":0,"72":0,"73":0,"74":0,"75":0,"76":0,"77":0,"78":0,"79":0,"80":0,"81":0,"82":0,"83":0,"84":0,"85":0,"86":0,"87":0,"88":0,"89":0,"90":0,"91":0,"92":0,"93":0,"94":0,"95":0,"96":0,"97":0,"98":0,"99":0,"100":0,"101":0,"102":0,"103":0,"104":0,"105":0,"106":0,"107":0,"108":0,"109":0,"110":0,"111":0,"112":0,"113":0,"114":0,"115":0,"116":0,"117":0,"118":0,"119":0,"120":0,"121":0,"122":0,"123":0,"124":0,"125":0,"126":0,"127":0,"128":0,"129":0,"130":0,"131":0,"132":0,"133":0,"134":1},"b":{"1":[0,0],"2":[0,0],"3":[0,0],"4":[0,0],"5":[0,0],"6":[0,0],"7":[0,0],"8":[0,0],"9":[0,0],"10":[0,0],"11":[0,0],"12":[0,0],"13":[0,0],"14":[0,0],"15":[0,0],"16":[0,0],"17":[0,0],"18":[0,0],"19":[0,0],"20":[0,0],"21":[0,0],"22":[0,0],"23":[0,0],"24":[0,0],"25":[0,0]},"f":{"1":0,"2":0,"3":0,"4":0,"5":0,"6":0,"7":0,"8":0,"9":0,"10":0,"11":0,"12":0,"13":0,"14":0,"15":0,"16":0,"17":0,"18":0,"19":0,"20":0},"fnMap":{"1":{"name":"(anonymous_1)","line":56,"loc":{"start":{"line":56,"column":15},"end":{"line":56,"column":32}}},"2":{"name":"(anonymous_2)","line":109,"loc":{"start":{"line":109,"column":21},"end":{"line":109,"column":24}}},"3":{"name":"(anonymous_3)","line":119,"loc":{"start":{"line":119,"column":10},"end":{"line":119,"column":13}}},"4":{"name":"(anonymous_4)","line":127,"loc":{"start":{"line":127,"column":11},"end":{"line":127,"column":14}}},"5":{"name":"(anonymous_5)","line":152,"loc":{"start":{"line":152,"column":11},"end":{"line":152,"column":14}}},"6":{"name":"(anonymous_6)","line":165,"loc":{"start":{"line":165,"column":9},"end":{"line":165,"column":12}}},"7":{"name":"(anonymous_7)","line":169,"loc":{"start":{"line":169,"column":18},"end":{"line":169,"column":21}}},"8":{"name":"(anonymous_8)","line":183,"loc":{"start":{"line":183,"column":12},"end":{"line":183,"column":23}}},"9":{"name":"(anonymous_9)","line":188,"loc":{"start":{"line":188,"column":15},"end":{"line":188,"column":18}}},"10":{"name":"(anonymous_10)","line":206,"loc":{"start":{"line":206,"column":14},"end":{"line":206,"column":17}}},"11":{"name":"(anonymous_11)","line":213,"loc":{"start":{"line":213,"column":29},"end":{"line":213,"column":43}}},"12":{"name":"(anonymous_12)","line":232,"loc":{"start":{"line":232,"column":21},"end":{"line":232,"column":33}}},"13":{"name":"(anonymous_13)","line":239,"loc":{"start":{"line":239,"column":17},"end":{"line":239,"column":26}}},"14":{"name":"(anonymous_14)","line":247,"loc":{"start":{"line":247,"column":11},"end":{"line":247,"column":14}}},"15":{"name":"(anonymous_15)","line":255,"loc":{"start":{"line":255,"column":14},"end":{"line":255,"column":17}}},"16":{"name":"(anonymous_16)","line":263,"loc":{"start":{"line":263,"column":14},"end":{"line":263,"column":17}}},"17":{"name":"(anonymous_17)","line":271,"loc":{"start":{"line":271,"column":22},"end":{"line":271,"column":25}}},"18":{"name":"(anonymous_18)","line":296,"loc":{"start":{"line":296,"column":10},"end":{"line":296,"column":20}}},"19":{"name":"(anonymous_19)","line":304,"loc":{"start":{"line":304,"column":19},"end":{"line":304,"column":29}}},"20":{"name":"(anonymous_20)","line":342,"loc":{"start":{"line":342,"column":21},"end":{"line":342,"column":24}}}},"statementMap":{"1":{"start":{"line":3,"column":0},"end":{"line":3,"column":48}},"2":{"start":{"line":4,"column":0},"end":{"line":4,"column":58}},"3":{"start":{"line":5,"column":0},"end":{"line":5,"column":55}},"4":{"start":{"line":6,"column":0},"end":{"line":6,"column":58}},"5":{"start":{"line":7,"column":0},"end":{"line":7,"column":85}},"6":{"start":{"line":8,"column":0},"end":{"line":8,"column":68}},"7":{"start":{"line":9,"column":0},"end":{"line":9,"column":82}},"8":{"start":{"line":10,"column":0},"end":{"line":10,"column":70}},"9":{"start":{"line":11,"column":0},"end":{"line":11,"column":96}},"10":{"start":{"line":12,"column":0},"end":{"line":12,"column":92}},"11":{"start":{"line":13,"column":0},"end":{"line":13,"column":41}},"12":{"start":{"line":14,"column":0},"end":{"line":14,"column":41}},"13":{"start":{"line":15,"column":0},"end":{"line":15,"column":43}},"14":{"start":{"line":16,"column":0},"end":{"line":16,"column":36}},"15":{"start":{"line":17,"column":0},"end":{"line":17,"column":44}},"16":{"start":{"line":18,"column":0},"end":{"line":18,"column":48}},"17":{"start":{"line":19,"column":0},"end":{"line":19,"column":52}},"18":{"start":{"line":20,"column":0},"end":{"line":20,"column":49}},"19":{"start":{"line":21,"column":0},"end":{"line":21,"column":62}},"20":{"start":{"line":22,"column":0},"end":{"line":22,"column":77}},"21":{"start":{"line":23,"column":0},"end":{"line":23,"column":71}},"22":{"start":{"line":25,"column":0},"end":{"line":25,"column":34}},"23":{"start":{"line":26,"column":0},"end":{"line":26,"column":24}},"24":{"start":{"line":27,"column":0},"end":{"line":27,"column":70}},"25":{"start":{"line":28,"column":0},"end":{"line":28,"column":48}},"26":{"start":{"line":30,"column":0},"end":{"line":30,"column":54}},"27":{"start":{"line":32,"column":0},"end":{"line":32,"column":77}},"28":{"start":{"line":33,"column":0},"end":{"line":33,"column":85}},"29":{"start":{"line":35,"column":0},"end":{"line":35,"column":57}},"30":{"start":{"line":36,"column":0},"end":{"line":36,"column":53}},"31":{"start":{"line":38,"column":0},"end":{"line":38,"column":61}},"32":{"start":{"line":39,"column":0},"end":{"line":39,"column":61}},"33":{"start":{"line":40,"column":0},"end":{"line":40,"column":65}},"34":{"start":{"line":57,"column":8},"end":{"line":57,"column":31}},"35":{"start":{"line":59,"column":8},"end":{"line":59,"column":27}},"36":{"start":{"line":60,"column":8},"end":{"line":60,"column":61}},"37":{"start":{"line":61,"column":8},"end":{"line":61,"column":64}},"38":{"start":{"line":62,"column":8},"end":{"line":62,"column":62}},"39":{"start":{"line":63,"column":8},"end":{"line":63,"column":88}},"40":{"start":{"line":64,"column":8},"end":{"line":64,"column":76}},"41":{"start":{"line":65,"column":8},"end":{"line":65,"column":83}},"42":{"start":{"line":67,"column":8},"end":{"line":67,"column":30}},"43":{"start":{"line":68,"column":8},"end":{"line":68,"column":65}},"44":{"start":{"line":70,"column":8},"end":{"line":70,"column":37}},"45":{"start":{"line":72,"column":8},"end":{"line":79,"column":9}},"46":{"start":{"line":81,"column":8},"end":{"line":81,"column":41}},"47":{"start":{"line":83,"column":8},"end":{"line":83,"column":32}},"48":{"start":{"line":85,"column":8},"end":{"line":85,"column":35}},"49":{"start":{"line":87,"column":8},"end":{"line":104,"column":9}},"50":{"start":{"line":88,"column":12},"end":{"line":88,"column":56}},"51":{"start":{"line":89,"column":13},"end":{"line":104,"column":9}},"52":{"start":{"line":90,"column":12},"end":{"line":97,"column":13}},"53":{"start":{"line":100,"column":12},"end":{"line":103,"column":13}},"54":{"start":{"line":106,"column":8},"end":{"line":106,"column":21}},"55":{"start":{"line":110,"column":8},"end":{"line":116,"column":9}},"56":{"start":{"line":111,"column":12},"end":{"line":113,"column":14}},"57":{"start":{"line":115,"column":12},"end":{"line":115,"column":26}},"58":{"start":{"line":120,"column":8},"end":{"line":121,"column":26}},"59":{"start":{"line":121,"column":12},"end":{"line":121,"column":26}},"60":{"start":{"line":123,"column":8},"end":{"line":124,"column":26}},"61":{"start":{"line":124,"column":12},"end":{"line":124,"column":26}},"62":{"start":{"line":128,"column":8},"end":{"line":130,"column":10}},"63":{"start":{"line":132,"column":8},"end":{"line":132,"column":33}},"64":{"start":{"line":133,"column":8},"end":{"line":133,"column":35}},"65":{"start":{"line":134,"column":8},"end":{"line":134,"column":26}},"66":{"start":{"line":135,"column":8},"end":{"line":135,"column":42}},"67":{"start":{"line":137,"column":8},"end":{"line":143,"column":9}},"68":{"start":{"line":145,"column":8},"end":{"line":145,"column":26}},"69":{"start":{"line":147,"column":8},"end":{"line":149,"column":10}},"70":{"start":{"line":148,"column":12},"end":{"line":148,"column":41}},"71":{"start":{"line":153,"column":8},"end":{"line":153,"column":85}},"72":{"start":{"line":155,"column":8},"end":{"line":162,"column":10}},"73":{"start":{"line":156,"column":12},"end":{"line":159,"column":13}},"74":{"start":{"line":157,"column":16},"end":{"line":157,"column":70}},"75":{"start":{"line":158,"column":16},"end":{"line":158,"column":22}},"76":{"start":{"line":161,"column":12},"end":{"line":161,"column":60}},"77":{"start":{"line":166,"column":8},"end":{"line":166,"column":29}},"78":{"start":{"line":170,"column":8},"end":{"line":170,"column":62}},"79":{"start":{"line":172,"column":8},"end":{"line":175,"column":9}},"80":{"start":{"line":173,"column":12},"end":{"line":174,"column":41}},"81":{"start":{"line":174,"column":16},"end":{"line":174,"column":41}},"82":{"start":{"line":184,"column":8},"end":{"line":185,"column":22}},"83":{"start":{"line":185,"column":12},"end":{"line":185,"column":22}},"84":{"start":{"line":189,"column":8},"end":{"line":191,"column":9}},"85":{"start":{"line":190,"column":12},"end":{"line":190,"column":29}},"86":{"start":{"line":193,"column":8},"end":{"line":193,"column":109}},"87":{"start":{"line":193,"column":35},"end":{"line":193,"column":108}},"88":{"start":{"line":195,"column":8},"end":{"line":203,"column":10}},"89":{"start":{"line":196,"column":12},"end":{"line":196,"column":52}},"90":{"start":{"line":198,"column":12},"end":{"line":200,"column":14}},"91":{"start":{"line":201,"column":12},"end":{"line":201,"column":29}},"92":{"start":{"line":202,"column":12},"end":{"line":202,"column":58}},"93":{"start":{"line":207,"column":8},"end":{"line":207,"column":33}},"94":{"start":{"line":208,"column":8},"end":{"line":208,"column":50}},"95":{"start":{"line":209,"column":8},"end":{"line":209,"column":53}},"96":{"start":{"line":211,"column":8},"end":{"line":211,"column":23}},"97":{"start":{"line":213,"column":8},"end":{"line":224,"column":10}},"98":{"start":{"line":214,"column":12},"end":{"line":217,"column":13}},"99":{"start":{"line":215,"column":16},"end":{"line":215,"column":57}},"100":{"start":{"line":216,"column":16},"end":{"line":216,"column":22}},"101":{"start":{"line":219,"column":12},"end":{"line":221,"column":13}},"102":{"start":{"line":220,"column":16},"end":{"line":220,"column":57}},"103":{"start":{"line":223,"column":12},"end":{"line":223,"column":67}},"104":{"start":{"line":233,"column":8},"end":{"line":233,"column":61}},"105":{"start":{"line":240,"column":8},"end":{"line":240,"column":45}},"106":{"start":{"line":248,"column":8},"end":{"line":248,"column":43}},"107":{"start":{"line":256,"column":8},"end":{"line":256,"column":46}},"108":{"start":{"line":264,"column":8},"end":{"line":264,"column":46}},"109":{"start":{"line":272,"column":8},"end":{"line":272,"column":54}},"110":{"start":{"line":297,"column":8},"end":{"line":297,"column":44}},"111":{"start":{"line":305,"column":8},"end":{"line":326,"column":9}},"112":{"start":{"line":306,"column":12},"end":{"line":323,"column":14}},"113":{"start":{"line":307,"column":16},"end":{"line":307,"column":26}},"114":{"start":{"line":310,"column":16},"end":{"line":315,"column":53}},"115":{"start":{"line":311,"column":20},"end":{"line":311,"column":68}},"116":{"start":{"line":312,"column":21},"end":{"line":315,"column":53}},"117":{"start":{"line":313,"column":20},"end":{"line":313,"column":73}},"118":{"start":{"line":315,"column":20},"end":{"line":315,"column":53}},"119":{"start":{"line":317,"column":16},"end":{"line":317,"column":69}},"120":{"start":{"line":318,"column":16},"end":{"line":318,"column":70}},"121":{"start":{"line":320,"column":16},"end":{"line":321,"column":66}},"122":{"start":{"line":321,"column":20},"end":{"line":321,"column":66}},"123":{"start":{"line":325,"column":12},"end":{"line":325,"column":18}},"124":{"start":{"line":328,"column":8},"end":{"line":339,"column":10}},"125":{"start":{"line":329,"column":12},"end":{"line":332,"column":13}},"126":{"start":{"line":330,"column":16},"end":{"line":330,"column":53}},"127":{"start":{"line":331,"column":16},"end":{"line":331,"column":22}},"128":{"start":{"line":334,"column":12},"end":{"line":338,"column":14}},"129":{"start":{"line":335,"column":16},"end":{"line":337,"column":17}},"130":{"start":{"line":336,"column":20},"end":{"line":336,"column":57}},"131":{"start":{"line":343,"column":8},"end":{"line":343,"column":89}},"132":{"start":{"line":343,"column":62},"end":{"line":343,"column":88}},"133":{"start":{"line":344,"column":8},"end":{"line":344,"column":75}},"134":{"start":{"line":348,"column":0},"end":{"line":365,"column":1}}},"branchMap":{"1":{"line":57,"type":"binary-expr","locations":[{"start":{"line":57,"column":18},"end":{"line":57,"column":25}},{"start":{"line":57,"column":29},"end":{"line":57,"column":31}}]},"2":{"line":60,"type":"binary-expr","locations":[{"start":{"line":60,"column":23},"end":{"line":60,"column":37}},{"start":{"line":60,"column":41},"end":{"line":60,"column":61}}]},"3":{"line":61,"type":"binary-expr","locations":[{"start":{"line":61,"column":24},"end":{"line":61,"column":39}},{"start":{"line":61,"column":43},"end":{"line":61,"column":64}}]},"4":{"line":63,"type":"binary-expr","locations":[{"start":{"line":63,"column":60},"end":{"line":63,"column":80}},{"start":{"line":63,"column":84},"end":{"line":63,"column":86}}]},"5":{"line":64,"type":"cond-expr","locations":[{"start":{"line":64,"column":48},"end":{"line":64,"column":69}},{"start":{"line":64,"column":72},"end":{"line":64,"column":76}}]},"6":{"line":65,"type":"cond-expr","locations":[{"start":{"line":65,"column":48},"end":{"line":65,"column":69}},{"start":{"line":65,"column":72},"end":{"line":65,"column":83}}]},"7":{"line":68,"type":"binary-expr","locations":[{"start":{"line":68,"column":29},"end":{"line":68,"column":44}},{"start":{"line":68,"column":48},"end":{"line":68,"column":65}}]},"8":{"line":87,"type":"if","locations":[{"start":{"line":87,"column":8},"end":{"line":87,"column":8}},{"start":{"line":87,"column":8},"end":{"line":87,"column":8}}]},"9":{"line":89,"type":"if","locations":[{"start":{"line":89,"column":13},"end":{"line":89,"column":13}},{"start":{"line":89,"column":13},"end":{"line":89,"column":13}}]},"10":{"line":110,"type":"if","locations":[{"start":{"line":110,"column":8},"end":{"line":110,"column":8}},{"start":{"line":110,"column":8},"end":{"line":110,"column":8}}]},"11":{"line":120,"type":"if","locations":[{"start":{"line":120,"column":8},"end":{"line":120,"column":8}},{"start":{"line":120,"column":8},"end":{"line":120,"column":8}}]},"12":{"line":123,"type":"if","locations":[{"start":{"line":123,"column":8},"end":{"line":123,"column":8}},{"start":{"line":123,"column":8},"end":{"line":123,"column":8}}]},"13":{"line":156,"type":"if","locations":[{"start":{"line":156,"column":12},"end":{"line":156,"column":12}},{"start":{"line":156,"column":12},"end":{"line":156,"column":12}}]},"14":{"line":173,"type":"if","locations":[{"start":{"line":173,"column":12},"end":{"line":173,"column":12}},{"start":{"line":173,"column":12},"end":{"line":173,"column":12}}]},"15":{"line":184,"type":"if","locations":[{"start":{"line":184,"column":8},"end":{"line":184,"column":8}},{"start":{"line":184,"column":8},"end":{"line":184,"column":8}}]},"16":{"line":214,"type":"if","locations":[{"start":{"line":214,"column":12},"end":{"line":214,"column":12}},{"start":{"line":214,"column":12},"end":{"line":214,"column":12}}]},"17":{"line":219,"type":"if","locations":[{"start":{"line":219,"column":12},"end":{"line":219,"column":12}},{"start":{"line":219,"column":12},"end":{"line":219,"column":12}}]},"18":{"line":305,"type":"if","locations":[{"start":{"line":305,"column":8},"end":{"line":305,"column":8}},{"start":{"line":305,"column":8},"end":{"line":305,"column":8}}]},"19":{"line":310,"type":"if","locations":[{"start":{"line":310,"column":16},"end":{"line":310,"column":16}},{"start":{"line":310,"column":16},"end":{"line":310,"column":16}}]},"20":{"line":310,"type":"binary-expr","locations":[{"start":{"line":310,"column":20},"end":{"line":310,"column":29}},{"start":{"line":310,"column":33},"end":{"line":310,"column":80}}]},"21":{"line":312,"type":"if","locations":[{"start":{"line":312,"column":21},"end":{"line":312,"column":21}},{"start":{"line":312,"column":21},"end":{"line":312,"column":21}}]},"22":{"line":312,"type":"binary-expr","locations":[{"start":{"line":312,"column":25},"end":{"line":312,"column":40}},{"start":{"line":312,"column":44},"end":{"line":312,"column":96}}]},"23":{"line":320,"type":"if","locations":[{"start":{"line":320,"column":16},"end":{"line":320,"column":16}},{"start":{"line":320,"column":16},"end":{"line":320,"column":16}}]},"24":{"line":329,"type":"if","locations":[{"start":{"line":329,"column":12},"end":{"line":329,"column":12}},{"start":{"line":329,"column":12},"end":{"line":329,"column":12}}]},"25":{"line":335,"type":"if","locations":[{"start":{"line":335,"column":16},"end":{"line":335,"column":16}},{"start":{"line":335,"column":16},"end":{"line":335,"column":16}}]}},"code":["'use strict'","","const TelegramApi = require('./api/TelegramApi')","const TelegramRouter = require('./routing/TelegramRouter')","const ConsoleLogger = require('./logger/ConsoleLogger')","const TelegramDataSource = require('./TelegramDataSource')","const UpdateProcessorsManager = require('./updateProcessors/UpdateProcessorsManager')","const InMemoryStorage = require('./storage/session/InMemoryStorage')","const TelegramSessionStorage = require('./storage/session/TelegramSessionStorage')","const TelegramBaseController = require('./mvc/TelegramBaseController')","const TelegramBaseCallbackQueryController = require('./mvc/TelegramBaseCallbackQueryController')","const TelegramBaseInlineQueryController = require('./mvc/TelegramBaseInlineQueryController')","const Models = require('./models/Models')","const Update = require('./models/Update')","const Ivan = require('./localization/Ivan')","const Scope = require('./mvc/Scope')","const InputFile = require('./api/InputFile')","const InlineScope = require('./mvc/InlineScope')","const BaseStorage = require('./storage/BaseStorage')","const BaseLogger = require('./logger/BaseLogger')","const BaseScopeExtension = require('./mvc/BaseScopeExtension')","const BaseUpdateProcessor = require('./updateProcessors/BaseUpdateProcessor')","const BaseUpdateFetcher = require('./updateFetchers/BaseUpdateFetcher')","","const cluster = require('cluster')","const os = require('os')","const SharedStorage = require('./storage/sharedStorage/SharedStorage')","const TelegramIPC = require('./ipc/TelegramIPC')","","const WebAdmin = require('./webAdmin/server/WebAdmin')","","const WebhookUpdateFetcher = require('./updateFetchers/WebhookUpdateFetcher')","const LongPoolingUpdateFetcher = require('./updateFetchers/LongPoolingUpdateFetcher')","","const WebAdminLogger = require('./logger/WebAdminLogger')","const Statistics = require('./statistics/Statistics')","","const BaseCommand = require('./routing/commands/BaseCommand')","const TextCommand = require('./routing/commands/TextCommand')","const RegexpCommand = require('./routing/commands/RegexpCommand')","","class Telegram {","    /**","     *","     * @param {string} token","     * @param {{","     * logger: BaseLogger,","     * storage: BaseStorage,","     * localization: Object[],","     * workers: number,","     * webhook: {url: string, port: number, host: string }","     * updateFetcher: BaseUpdateFetcher","     * webAdmin: {port: number, host: string}","     * }} options","     */","    constructor(token, options) {","        options = options || {}","","        this._token = token","        this._logger = options.logger || new WebAdminLogger()","        this._storage = options.storage || new InMemoryStorage()","        this._sharedStorage = new SharedStorage(this._storage)","        this._localization = new Ivan(this._sharedStorage, (options.localization || []))","        this._webAdminPort = options.webAdmin ? options.webAdmin.port : 7777","        this._webAdminHost = options.webAdmin ? options.webAdmin.host : 'localhost'","","        this._cpus = os.cpus()","        this._workersCount = options.workers || this._cpus.length","","        this._ipc = new TelegramIPC()","","        this._telegramDataSource = new TelegramDataSource(","            new TelegramApi(token, this._logger),","            new TelegramRouter(),","            this._logger,","            new TelegramSessionStorage(this._sharedStorage),","            this._localization,","            this._ipc","        )","","        this._beforeUpdateFunction = null","","        this._checkNodeVersion()","","        this._updatesFetcher = null","","        if (options.updateFetcher)","            this._updatesFetcher = options.updateFetcher","        else if (options.webhook) {","            this._updatesFetcher = new WebhookUpdateFetcher(","                this._telegramDataSource.api,","                this._logger,","                options.webhook.url,","                options.webhook.host,","                options.webhook.port,","                token","            )","        }","        else {","            this._updatesFetcher = new LongPoolingUpdateFetcher(","                this._telegramDataSource.api,","                this._logger","            )","        }","","        this._setup()","    }","","    _checkNodeVersion() {","        if (process.version.replace('v', '').split('.')[0] < 6) {","            this._logger.error({","                'Fatal error': 'Node version must be 6 or greater, please update your Node.js'","            })","","            process.exit()","        }","    }","","    _setup() {","        if (cluster.isMaster)","            this._master()","","        if (cluster.isWorker)","            this._worker()","    }","","    _master() {","        this._logger.log({","            'Telegram': `Master started, ${this._cpus.length} CPUs found, ${this._workersCount} workers will start`","        })","","        this._waitingUpdates = {} // each worker can ask master to send him next update from specific chat","        this._waitingCallbacks = {}","        this._workers = {}","        this.statistics = new Statistics()"," ","        new WebAdmin(","            this._webAdminHost,","            this._webAdminPort,","            __dirname + '/webAdmin/client',","            this._logger,","            this","        )"," ","        this._runWorkers()","","        this._updatesFetcher.fetch(updates => {","            this._processUpdates(updates)","        })","    }","","    _worker() {","        this._updateProcessor = new UpdateProcessorsManager(this._telegramDataSource)","","        process.on('message', msg => {","            if (msg.type == 'update') {","                this._processUpdates([Update.deserialize(msg.update)])","                return","            }","","            this._sharedStorage.handleMessageFromMaster(msg)","        })","    }","","    _fork() {","        return cluster.fork()","    }","    ","    restartWorkers() {","        this._logger.log({ 'Telegram': 'restarting workers' })","","        for (const pid in this._workers) {","            if (this._workers[pid])","                this._workers[pid].kill()","        }","    }","","    /**","     * This callback will be called from master process","     *","     * @param {Function} callback","     */","    onMaster(callback) {","        if (cluster.isMaster)","            callback()","    }","    ","    _runWorkers() {  ","        for(var i = 0; i < this._workersCount; i++) {","            this._runWorker()","        } ","","        cluster.on('online', w =>  this._logger.log({ 'Telegram': `Worker started at ${w.process.pid} PID`}))","","        cluster.on('exit', (worker, code, signal) => {","            this._workers[worker.process.pid] = null","","            this._logger.log({","                'Telegram': `Worker ${worker.process.pid} died with code: ${code}, and signal: ${signal}, Starting a new worker`","            })","            this._runWorker()","            this.statistics.workerDied(worker.process.pid)","        })","    }","","    _runWorker() {","        let worker = this._fork()","        this._workers[worker.process.pid] = worker","        this.statistics.addWorker(worker.process.pid)","","        let self = this","","        worker.on('message', function(msg) {","            if (msg.type == 'waitForUpdate') {","                self._waitingUpdates[msg.chatId] = worker","                return","            }","","            if (msg.type == 'waitForCallbackQuery') {","                self._waitingCallbacks[msg.data] = worker","            }","","            self._sharedStorage.handleMessageFromWorkers(msg, this)","        })","    }","","    /**","     * Pass child of BaseScopeExtension or array of children to use that extensions","     *","     * @param {BaseScopeExtension|BaseScopeExtension[]} extension","     */","    addScopeExtension(extension) {","        this._telegramDataSource.addScopeExtension(extension)","    }","","    /**","     * @param {Update} update","     */","    emulateUpdate(update) {","        this._updateProcessor.process(update)","    }","","    /**","     *","     * @returns {TelegramApi}","     */","    get api() {","        return this._telegramDataSource.api","    }","","    /**","     *","     * @returns {TelegramRouter}","     */","    get router() {","        return this._telegramDataSource.router","    }","","    /**","     *","     * @returns {BaseLogger}","     */","    get logger() {","        return this._telegramDataSource.logger","    }","","    /**","     *","     * @returns {TelegramSessionStorage}","     */","    get sessionStorage() {","        return this._telegramDataSource.sessionStorage","    }","","    /**","     * @callback continueCallback","     * @param {boolean} handle","     */","","    /**","     * @callback beforeHandler","     * @param {Update} update","     * @param {continueCallback} callback","     */","","    /**","     * Your handler function passed to this method will be called after getting","     * any update, but before it's processing.","     *","     * Also to your function will be passed callback function,","     * if you call that function with 'true' argument, then update handling will be continued,","     * else the update will not be handled.","     *","     * @param {beforeHandler} handler","     */","    before(handler) {","        this._beforeUpdateFunction = handler","    }","","    /**","     * @param {Update[]} updates","     * @private","     */","    _processUpdates(updates) {","        if (cluster.isMaster) {","            updates.forEach(u => {","                let worker","","","                if (u.message && this._waitingUpdates[u.message.chat.id] != null)","                    worker = this._waitingUpdates[u.message.chat.id]","                else if (u.callbackQuery && this._waitingCallbacks[u.callbackQuery.data] != null)","                    worker = this._waitingCallbacks[u.callbackQuery.data]","                else","                    worker = this._pickRandomWorker() //pick random worker for update","","                this.statistics.registrateRequest(worker.process.pid)","                worker.send({ type: 'update', update: u.serialize() })","","                if (u.message)","                    this._waitingUpdates[u.message.chat.id] = null","","            })","","            return","        }","","        updates.forEach(update => {","            if (!this._beforeUpdateFunction) {","                this._updateProcessor.process(update)","                return","            }","","            this._beforeUpdateFunction(update, handle => {","                if (handle === true) {","                    this._updateProcessor.process(update)","                }","            })","        })","    }","","    _pickRandomWorker() {","        const pids = Object.keys(this._workers).filter(pid => this._workers[pid] != null)","        return this._workers[pids[Math.floor(Math.random() * pids.length)]]","    }","}","","module.exports = {","    TelegramApi,","    Telegram,","    TelegramBaseController,","    TelegramBaseCallbackQueryController,","    TelegramBaseInlineQueryController,","    Scope,","    BaseLogger,","    BaseScopeExtension,","    InputFile,","    InlineScope,","    BaseStorage,","    BaseUpdateFetcher,","    BaseCommand,","    TextCommand,","    RegexpCommand,","    Models","}",""],"l":{"3":1,"4":1,"5":1,"6":1,"7":1,"8":1,"9":1,"10":1,"11":1,"12":1,"13":1,"14":1,"15":1,"16":1,"17":1,"18":1,"19":1,"20":1,"21":1,"22":1,"23":1,"25":1,"26":1,"27":1,"28":1,"30":1,"32":1,"33":1,"35":1,"36":1,"38":1,"39":1,"40":1,"57":0,"59":0,"60":0,"61":0,"62":0,"63":0,"64":0,"65":0,"67":0,"68":0,"70":0,"72":0,"81":0,"83":0,"85":0,"87":0,"88":0,"89":0,"90":0,"100":0,"106":0,"110":0,"111":0,"115":0,"120":0,"121":0,"123":0,"124":0,"128":0,"132":0,"133":0,"134":0,"135":0,"137":0,"145":0,"147":0,"148":0,"153":0,"155":0,"156":0,"157":0,"158":0,"161":0,"166":0,"170":0,"172":0,"173":0,"174":0,"184":0,"185":0,"189":0,"190":0,"193":0,"195":0,"196":0,"198":0,"201":0,"202":0,"207":0,"208":0,"209":0,"211":
[...]
art":{"line":61,"column":8},"end":{"line":61,"column":25}},"18":{"start":{"line":63,"column":8},"end":{"line":63,"column":49}},"19":{"start":{"line":64,"column":8},"end":{"line":64,"column":50}},"20":{"start":{"line":66,"column":8},"end":{"line":66,"column":82}},"21":{"start":{"line":66,"column":37},"end":{"line":66,"column":81}},"22":{"start":{"line":68,"column":8},"end":{"line":68,"column":58}},"23":{"start":{"line":70,"column":8},"end":{"line":70,"column":56}},"24":{"start":{"line":72,"column":8},"end":{"line":72,"column":53}},"25":{"start":{"line":74,"column":8},"end":{"line":74,"column":23}},"26":{"start":{"line":76,"column":8},"end":{"line":76,"column":47}},"27":{"start":{"line":78,"column":8},"end":{"line":78,"column":19}},"28":{"start":{"line":87,"column":8},"end":{"line":87,"column":71}},"29":{"start":{"line":87,"column":51},"end":{"line":87,"column":70}},"30":{"start":{"line":89,"column":8},"end":{"line":89,"column":21}},"31":{"start":{"line":91,"column":8},"end":{"line":91,"column":26}},"32":{"start":{"line":92,"column":8},"end":{"line":92,"column":25}},"33":{"start":{"line":94,"column":8},"end":{"line":97,"column":10}},"34":{"start":{"line":95,"column":12},"end":{"line":95,"column":96}},"35":{"start":{"line":96,"column":12},"end":{"line":96,"column":128}},"36":{"start":{"line":99,"column":8},"end":{"line":99,"column":25}},"37":{"start":{"line":101,"column":8},"end":{"line":106,"column":9}},"38":{"start":{"line":102,"column":12},"end":{"line":102,"column":86}},"39":{"start":{"line":105,"column":12},"end":{"line":105,"column":67}},"40":{"start":{"line":108,"column":8},"end":{"line":109,"column":38}},"41":{"start":{"line":109,"column":12},"end":{"line":109,"column":38}},"42":{"start":{"line":111,"column":8},"end":{"line":111,"column":79}},"43":{"start":{"line":111,"column":36},"end":{"line":111,"column":78}},"44":{"start":{"line":112,"column":8},"end":{"line":112,"column":22}},"45":{"start":{"line":114,"column":8},"end":{"line":114,"column":19}},"46":{"start":{"line":124,"column":8},"end":{"line":124,"column":21}},"47":{"start":{"line":126,"column":8},"end":{"line":126,"column":98}},"48":{"start":{"line":128,"column":8},"end":{"line":128,"column":26}},"49":{"start":{"line":129,"column":8},"end":{"line":129,"column":46}},"50":{"start":{"line":130,"column":8},"end":{"line":130,"column":50}},"51":{"start":{"line":131,"column":8},"end":{"line":131,"column":25}},"52":{"start":{"line":133,"column":8},"end":{"line":133,"column":53}},"53":{"start":{"line":134,"column":8},"end":{"line":134,"column":62}},"54":{"start":{"line":135,"column":8},"end":{"line":135,"column":22}},"55":{"start":{"line":137,"column":8},"end":{"line":137,"column":19}},"56":{"start":{"line":146,"column":8},"end":{"line":146,"column":21}},"57":{"start":{"line":148,"column":8},"end":{"line":148,"column":26}},"58":{"start":{"line":149,"column":8},"end":{"line":149,"column":25}},"59":{"start":{"line":150,"column":8},"end":{"line":150,"column":45}},"60":{"start":{"line":151,"column":8},"end":{"line":151,"column":49}},"61":{"start":{"line":152,"column":8},"end":{"line":152,"column":26}},"62":{"start":{"line":153,"column":8},"end":{"line":153,"column":48}},"63":{"start":{"line":155,"column":8},"end":{"line":174,"column":10}},"64":{"start":{"line":156,"column":12},"end":{"line":156,"column":44}},"65":{"start":{"line":158,"column":12},"end":{"line":167,"column":13}},"66":{"start":{"line":159,"column":16},"end":{"line":164,"column":17}},"67":{"start":{"line":160,"column":20},"end":{"line":160,"column":116}},"68":{"start":{"line":162,"column":21},"end":{"line":164,"column":17}},"69":{"start":{"line":163,"column":20},"end":{"line":163,"column":100}},"70":{"start":{"line":166,"column":16},"end":{"line":166,"column":78}},"71":{"start":{"line":169,"column":12},"end":{"line":171,"column":13}},"72":{"start":{"line":170,"column":16},"end":{"line":170,"column":47}},"73":{"start":{"line":173,"column":12},"end":{"line":173,"column":22}},"74":{"start":{"line":176,"column":8},"end":{"line":181,"column":9}},"75":{"start":{"line":177,"column":12},"end":{"line":177,"column":103}},"76":{"start":{"line":180,"column":12},"end":{"line":180,"column":71}},"77":{"start":{"line":183,"column":8},"end":{"line":183,"column":24}},"78":{"start":{"line":185,"column":8},"end":{"line":185,"column":19}},"79":{"start":{"line":194,"column":8},"end":{"line":194,"column":21}},"80":{"start":{"line":196,"column":8},"end":{"line":196,"column":26}},"81":{"start":{"line":197,"column":8},"end":{"line":197,"column":25}},"82":{"start":{"line":198,"column":8},"end":{"line":198,"column":43}},"83":{"start":{"line":199,"column":8},"end":{"line":199,"column":26}},"84":{"start":{"line":200,"column":8},"end":{"line":200,"column":36}},"85":{"start":{"line":202,"column":8},"end":{"line":219,"column":10}},"86":{"start":{"line":203,"column":12},"end":{"line":203,"column":54}},"87":{"start":{"line":206,"column":12},"end":{"line":216,"column":13}},"88":{"start":{"line":207,"column":16},"end":{"line":209,"column":17}},"89":{"start":{"line":208,"column":20},"end":{"line":208,"column":89}},"90":{"start":{"line":210,"column":16},"end":{"line":215,"column":17}},"91":{"start":{"line":211,"column":20},"end":{"line":211,"column":123}},"92":{"start":{"line":213,"column":21},"end":{"line":215,"column":17}},"93":{"start":{"line":214,"column":20},"end":{"line":214,"column":107}},"94":{"start":{"line":218,"column":12},"end":{"line":218,"column":69}},"95":{"start":{"line":222,"column":8},"end":{"line":222,"column":83}},"96":{"start":{"line":225,"column":8},"end":{"line":225,"column":24}},"97":{"start":{"line":227,"column":8},"end":{"line":227,"column":19}},"98":{"start":{"line":235,"column":8},"end":{"line":235,"column":21}},"99":{"start":{"line":236,"column":8},"end":{"line":236,"column":30}},"100":{"start":{"line":238,"column":8},"end":{"line":249,"column":10}},"101":{"start":{"line":239,"column":12},"end":{"line":239,"column":41}},"102":{"start":{"line":241,"column":12},"end":{"line":248,"column":13}},"103":{"start":{"line":242,"column":16},"end":{"line":242,"column":44}},"104":{"start":{"line":245,"column":16},"end":{"line":245,"column":91}},"105":{"start":{"line":247,"column":16},"end":{"line":247,"column":64}},"106":{"start":{"line":251,"column":8},"end":{"line":253,"column":9}},"107":{"start":{"line":252,"column":12},"end":{"line":252,"column":82}},"108":{"start":{"line":254,"column":8},"end":{"line":256,"column":9}},"109":{"start":{"line":255,"column":12},"end":{"line":255,"column":78}},"110":{"start":{"line":258,"column":8},"end":{"line":258,"column":44}},"111":{"start":{"line":267,"column":8},"end":{"line":267,"column":21}},"112":{"start":{"line":269,"column":8},"end":{"line":269,"column":26}},"113":{"start":{"line":270,"column":8},"end":{"line":270,"column":25}},"114":{"start":{"line":271,"column":8},"end":{"line":271,"column":43}},"115":{"start":{"line":272,"column":8},"end":{"line":272,"column":26}},"116":{"start":{"line":273,"column":8},"end":{"line":273,"column":33}},"117":{"start":{"line":274,"column":8},"end":{"line":274,"column":47}},"118":{"start":{"line":275,"column":8},"end":{"line":275,"column":24}},"119":{"start":{"line":277,"column":8},"end":{"line":277,"column":19}},"120":{"start":{"line":281,"column":0},"end":{"line":281,"column":28}}},"branchMap":{"1":{"line":49,"type":"if","locations":[{"start":{"line":49,"column":8},"end":{"line":49,"column":8}},{"start":{"line":49,"column":8},"end":{"line":49,"column":8}}]},"2":{"line":52,"type":"if","locations":[{"start":{"line":52,"column":8},"end":{"line":52,"column":8}},{"start":{"line":52,"column":8},"end":{"line":52,"column":8}}]},"3":{"line":95,"type":"cond-expr","locations":[{"start":{"line":95,"column":47},"end":{"line":95,"column":75}},{"start":{"line":95,"column":78},"end":{"line":95,"column":96}}]},"4":{"line":96,"type":"cond-expr","locations":[{"start":{"line":96,"column":70},"end":{"line":96,"column":101}},{"start":{"line":96,"column":104},"end":{"line":96,"column":123}}]},"5":{"line":101,"type":"if","locations":[{"start":{"line":101,"column":8},"end":{"line":101,"column":8}},{"start":{"line":101,"column":8},"end":{"line":101,"column":8}}]},"6":{"line":108,"type":"if","locations":[{"start":{"line":108,"column":8},"end":{"line":108,"column":8}},{"start":{"line":108,"column":8},"end":{"line":108,"column":8}}]},"7":{"line":108,"type":"binary-expr","locations":[{"start":{"line":108,"column":11},"end":{"line":108,"column":51}},{"start":{"line":108,"column":55},"end":{"line":108,"column":98}}]},"8":{"line":126,"type":"cond-expr","locations":[{"start":{"line":126,"column":44},"end":{"line":126,"column":72}},{"start":{"line":126,"column":75},"end":{"line":126,"column":98}}]},"9":{"line":158,"type":"if","locations":[{"start":{"line":158,"column":12},"end":{"line":158,"column":12}},{"start":{"line":158,"column":12},"end":{"line":158,"column":12}}]},"10":{"line":159,"type":"if","locations":[{"start":{"line":159,"column":16},"end":{"line":159,"column":16}},{"start":{"line":159,"column":16},"end":{"line":159,"column":16}}]},"11":{"line":162,"type":"if","locations":[{"start":{"line":162,"column":21},"end":{"line":162,"column":21}},{"start":{"line":162,"column":21},"end":{"line":162,"column":21}}]},"12":{"line":169,"type":"if","locations":[{"start":{"line":169,"column":12},"end":{"line":169,"column":12}},{"start":{"line":169,"column":12},"end":{"line":169,"column":12}}]},"13":{"line":176,"type":"if","locations":[{"start":{"line":176,"column":8},"end":{"line":176,"column":8}},{"start":{"line":176,"column":8},"end":{"line":176,"column":8}}]},"14":{"line":206,"type":"if","locations":[{"start":{"line":206,"column":12},"end":{"line":206,"column":12}},{"start":{"line":206,"column":12},"end":{"line":206,"column":12}}]},"15":{"line":207,"type":"if","locations":[{"start":{"line":207,"column":16},"end":{"line":207,"column":16}},{"start":{"line":207,"column":16},"end":{"line":207,"column":16}}]},"16":{"line":210,"type":"if","locations":[{"start":{"line":210,"column":16},"end":{"line":210,"column":16}},{"start":{"line":210,"column":16},"end":{"line":210,"column":16}}]},"17":{"line":213,"type":"if","locations":[{"start":{"line":213,"column":21},"end":{"line":213,"column":21}},{"start":{"line":213,"column":21},"end":{"line":213,"column":21}}]},"18":{"line":241,"type":"if","locations":[{"start":{"line":241,"column":12},"end":{"line":241,"column":12}},{"start":{"line":241,"column":12},"end":{"line":241,"column":12}}]},"19":{"line":241,"type":"binary-expr","locations":[{"start":{"line":241,"column":16},"end":{"line":241,"column":37}},{"start":{"line":241,"column":41},"end":{"line":241,"column":78}},{"start":{"line":241,"column":82},"end":{"line":241,"column":103}}]},"20":{"line":251,"type":"if","locations":[{"start":{"line":251,"column":8},"end":{"line":251,"column":8}},{"start":{"line":251,"column":8},"end":{"line":251,"column":8}}]},"21":{"line":254,"type":"if","locations":[{"start":{"line":254,"column":8},"end":{"line":254,"column":8}},{"start":{"line":254,"column":8},"end":{"line":254,"column":8}}]},"22":{"line":258,"type":"cond-expr","locations":[{"start":{"line":258,"column":28},"end":{"line":258,"column":30}},{"start":{"line":258,"column":33},"end":{"line":258,"column":44}}]}},"code":["'use strict'","","class SchemeClass {","    /**","     * ","     * @param {string} name","     * @param {SchemeClassField[]} fields","     * @param {string} description","     */","    constructor(name, fields, description) {","        this._name = name","        this._fields = fields","        this._description = description","    }","","    /**","     *","     * @returns {string}","     */","    get name() {","        return this._name","    }","","    /**","     *","     * @returns {SchemeClassField[]}","     */","    get fields() {","        return this._fields","    }","","    /**","     *","     * @returns {string}","     */","    get description() {","        return this._description","    }","    ","    /**","     *","     * @returns {string}","     */","    get modelCode() {","        let code = ''","","        let extend = ''","","        if (this.name.indexOf('MessageContent') > -1) {","            extend = `extends InputMessageContent `","        }","        if (this.name.indexOf('InlineQueryResult') > -1) {","            extend = `extends InlineQueryResult `","        }","","        code += \"'use strict'\\n\"","        code += `\\n${this._generateRequirements()}`","","        code += `/**\\n`","        code += ` * ${this.description}\\n`","        code += ` */\\n\\n`","","        code += `class ${this.name} ${extend}{\\n`","        code += `${this._generateConstructor()}\\n`","","        this.fields.forEach(field => code += `\\n${this._generateGetter(field)}\\n`)","","        code += `\\n${this._generateDeserializeMethod()}\\n`","","        code += `\\n${this._generateSerializeMethod()}\\n`","        ","        code += `\\n${this._generateToJSONMethod()}\\n`","","        code += `}\\n\\n`","","        code += `module.exports = ${this.name}`","","        return code","    }","","    /**","     * ","     * @returns {string}","     * @private","     */","    _generateConstructor() {","        let fieldsNames = this.fields.map(field => field.nameCamelCase)","","        let code = ''","","        code += `   /**\\n`","        code += `    *\\n`","","        this.fields.forEach(field => {","            let paramType = field.isOptional ? `${field.renderedType}|null` : field.renderedType","            code += `    * @param {${paramType}} ${field.isOptional ? '[' + field.nameCamelCase + ']' : field.nameCamelCase }\\n`","        })","","        code += `   */\\n`","","        if (this.fields.length > 6) {","            code += `   constructor(\\n     ${fieldsNames.join(', \\n     ')}\\n   ) {\\n`","        }","        else {","            code += `   constructor(${fieldsNames.join(', ')}) {\\n`","        }","","        if(this.name.indexOf('MessageContent') > -1 || this.name.indexOf('InlineQueryResult') > -1)","            code += `       super()\\n`","","        fieldsNames.forEach(name => code += `       this._${name} = ${name}\\n`)","        code += '   }'","","        return code","    }","","    /**","     * ","     * @param {SchemeClassField} field","     * @returns {string}","     * @private","     */","    _generateGetter(field) {","        let code = ''","","        let returnType = field.isOptional ? `${field.renderedType}|null` : `${field.renderedType}`","","        code += `   /**\\n`","        code += `    * ${field.description}\\n`","        code += `    * @returns {${returnType}}\\n`","        code += `   */\\n`","","        code += `   get ${field.nameCamelCase}() {\\n`","        code += `       return this._${field.nameCamelCase}\\n`","        code += `   }`","","        return code","    }","","    /**","     *","     * @returns {string}","     * @private","     */","    _generateDeserializeMethod() {","        let code = ''","","        code += `   /**\\n`","        code += `    *\\n`","        code += `    * @param {Object} raw\\n`","        code += `    * @returns {${this.name}}\\n`","        code += `    */\\n`","        code += `   static deserialize(raw) {\\n`","","        let args = this.fields.map(field => {","            let raw = `raw['${field.name}']`","","            if (!field.isStandartType) {","                if (field.type == '2d array') {","                    return `${raw} ? ${raw}.map(arr => arr.map(item => ${field.typeName}.deserialize(item))) : null`","                }","                else if(field.type == 'array') {","                    return `${raw} ? ${raw}.map(item => ${field.typeName}.deserialize(item)) : null`","                }","","                return `${raw} ? ${field.typeName}.deserialize(${raw}) : null`","            }","","            if (field.isOptional) {","                return `${raw} ? ${raw} : null`","            }","","            return raw","        })","","        if (this.fields.length > 4) {","            code += `      return new ${this.name}(\\n          ${args.join(', \\n          ')}\\n      )`","        }","        else {","            code += `      return new ${this.name}(${args.join(', ')})`","        }","","        code += `\\n   }`","","        return code","    }","","    /**","     *","     * @returns {string}","     * @private","     */","    _generateSerializeMethod() {","        let code = ''","","        code += `   /**\\n`","        code += `    *\\n`","        code += `    * @returns {Object}\\n`","        code += `    */\\n`","        code += `   serialize() {\\n`","","        let obj = this.fields.map(field => {","            let getter = `this.${field.nameCamelCase}`","","","            if (!field.isStandartType) {","                if (field.type == '') {","                    return `${field.name}: ${getter} ? ${getter}.serialize() : undefined`","                }","                if (field.type == '2d array') {","                    return `${field.name}: ${getter} ? ${getter}.map(arr => arr.map(item => item.serialize())) : undefined`","                }","                else if(field.type == 'array') {","                    return `${field.name}: ${getter} ? ${getter}.map(item => item.serialize()) : undefined`","                }","            }","","            return `${field.name}: ${getter} ? ${getter} : undefined`","        })","","","        code += `      return { \\n          ${obj.join(', \\n          ')}\\n      }`","","","        code += `\\n   }`","","        return code","    }","","    /**","     * @returns {string}","     * @private","     */","    _generateRequirements() {","        let code = ''","        let renderedTypes = []","","        this.fields.forEach(field =>  {","            let typeName = field.typeName","","            if (!field.isStandartType && renderedTypes.indexOf(typeName) == -1 && typeName != this.name) {","                renderedTypes.push(typeName)","","                //because of typo here: https://core.telegram.org/bots/api#inlinequeryresultgif","                const name = typeName[0].toUpperCase() + typeName.slice(1, typeName.length)","","                code += `const ${name} = require('./${name}')\\n`","            }","        })","","        if (this.name.indexOf('MessageContent') > -1) {","            code += `const InputMessageContent = require('./InputMessageContent')`","        }","        if (this.name.indexOf('InlineQueryResult') > -1) {","            code += `const InlineQueryResult = require('./InlineQueryResult')`","        }","","        return code == '' ? '' : `${code}\\n`","    }","","    /**","     *","     * @returns {string}","     * @private","     */","    _generateToJSONMethod() {","        let code = ''","","        code += `   /**\\n`","        code += `    *\\n`","        code += `    * @returns {string}\\n`","        code += `    */\\n`","        code += `   toJSON() {\\n`","        code += `      return this.serialize()`","        code += `\\n   }`","","        return code","    }","}","","module.exports = SchemeClass"],"l":{"11":0,"12":0,"13":0,"21":0,"29":0,"37":0,"45":0,"47":0,"49":0,"50":0,"52":0,"53":0,"56":0,"57":0,"59":0,"60":0,"61":0,"63":0,"64":0,"66":0,"68":0,"70":0,"72":0,"74":0,"76":0,"78":0,"87":0,"89":0,"91":0,"92":0,"94":0,"95":0,"96":0,"99":0,"101":0,"102":0,"105":0,"108":0,"109":0,"111":0,"112":0,"114":0,"124":0,"126":0,"128":0,"129":0,"130":0,"131":0,"133":0,"134":0,"135":0,"137":0,"146":0,"148":0,"149":0,"150":0,"151":0,"152":0,"153":0,"155":0,"156":0,"158":0,"159":0,"160":0,"162":0,"163":0,"166":0,"169":0,"170":0,"173":0,"176":0,"177":0,"180":0,"183":0,"185":0,"194":0,"196":0,"197":0,"198":0,"199":0,"200":0,"202":0,"203":0,"206":0,"207":0,"208":0,"210":0,"211":0,"213":0,"214":0,"218":0,"222":0,"225":0,"227":0,"235":0,"236":0,"238":0,"239":0,"241":0,"242":0,"245":0,"247":0,"251":0,"252":0,"254":0,"255":0,"258":0,"267":0,"269":0,"270":0,"271":0,"272":0,"273":0,"274":0,"275":0,"277":0,"281":1}}}